


ARM Macro Assembler    Page 1 


    1 00000000         ;*******************************************************
                       ********
    2 00000000         ; EQU Directives
    3 00000000         ; These directives do not allocate memory
    4 00000000         ;*******************************************************
                       ********
    5 00000000         ;SYMBOL  DIRECTIVE VALUE   COMMENT
    6 00000000 20000700 
                       BASE    EQU              0x20000700
    7 00000000 20000700 
                       TARGET  EQU              0x20000700
    8 00000000         
    9 00000000         ;*******************************************************
                       ********
   10 00000000         ; Program section
   11 00000000         ;*******************************************************
                       ********
   12 00000000         ;LABEL  DIRECTIVE VALUE   COMMENT
   13 00000000                 AREA             main, READONLY, CODE
   14 00000000                 THUMB
   15 00000000                 EXTERN           CONVRT
   16 00000000                 EXTERN           UPBND
   17 00000000                 EXTERN           OutStr      ; Reference externa
                                                            l subroutine 
   18 00000000                 EXTERN           InChar      ; Reference externa
                                                            l subroutine 
   19 00000000                 EXPORT           __main
   20 00000000                 ENTRY
   21 00000000         
   22 00000000 E7FF    __main  B                GET_IC
   23 00000002         
   24 00000002 F7FF FFFE 
                       GET_IC  BL               InChar      ; store chars of n
   25 00000006 2D0A            CMP              R5, #0xA
   26 00000008 D003            BEQ              GET_N
   27 0000000A F1A5 0530       SUB              R5, #0x30
   28 0000000E B420            PUSH{R5}
   29 00000010 E7F7            B                GET_IC
   30 00000012         
   31 00000012 F04F 010A 
                       GET_N   MOV              R1, #10     ; get n as hex
   32 00000016 BC20            POP{R5}
   33 00000018 442A            ADD              R2, R5
   34 0000001A BC20            POP{R5}
   35 0000001C FB05 F501       MUL              R5,R5,R1
   36 00000020 442A            ADD              R2,R5
   37 00000022 F04F 0520       MOV              R5, #32
   38 00000026 EBA5 0202       SUB              R2, R5, R2
   39 0000002A E7FF            B                INIT
   40 0000002C         
   41 0000002C F04F 0000 
                       INIT    LDR              R0, = 0x0   ; lower bound
   42 00000030 F04F 31FF       LDR              R1, = 0xFFFFFFFF ; upper bound
   43 00000034 FA21 F102       LSR              R1, R1, R2  ; set upper bound (
                                                            with n)
   44 00000038         
   45 00000038 EB01 0400 
                       GUESS   ADD              R4, R1, R0  ; R4 = R1 + R0
   46 0000003C EA4F 0454       LSR              R4, #1      ; R4 = R4/2



ARM Macro Assembler    Page 2 


   47 00000040 4D0F            LDR              R5, = TARGET
   48 00000042 F7FF FFFE       BL               CONVRT
   49 00000046 E7FF            B                GUESS_O
   50 00000048         
   51 00000048 F7FF FFFE 
                       GUESS_O BL               OutStr
   52 0000004C F04F 0302       MOV              R3, #2
   53 00000050         
   54 00000050 F7FF FFFE 
                       FEED_B  BL               InChar      ; store chars of n
   55 00000054 B420            PUSH{R5}
   56 00000056 3B01            SUBS             R3, #1
   57 00000058 D1FA            BNE              FEED_B
   58 0000005A         
   59 0000005A BC20    COMP    POP{R5}
   60 0000005C BC20            POP{R5}
   61 0000005E 2D43            CMP              R5, #0x43   ; C
   62 00000060 D006            BEQ              CORRECT
   63 00000062 2D44            CMP              R5, #0x44   ; D
   64 00000064 D005            BEQ              DOWN
   65 00000066 2D55            CMP              R5, #0x55   ; U
   66 00000068 D006            BEQ              UP
   67 0000006A         
   68 0000006A F7FF FFFE 
                       RETURN  BL               UPBND
   69 0000006E E7E3            B                GUESS
   70 00000070         
   71 00000070 E005    CORRECT B                done
   72 00000072         
   73 00000072 F04F 0500 
                       DOWN    LDR              R5, = 0
   74 00000076 E7F8            B                RETURN
   75 00000078         
   76 00000078 F04F 0501 
                       UP      LDR              R5, = 1
   77 0000007C E7F5            B                RETURN
   78 0000007E         
   79 0000007E         done
   80 0000007E E7FE            B                __main
   81 00000080                 END
              20000700 
Command Line: --debug --xref --diag_suppress=9931 --cpu=Cortex-M4.fp --apcs=int
erwork --depend=.\objects\code.d -o.\objects\code.o -I.\RTE\_Target_1 -ID:\Keil
_v5\ARM\PACK\Keil\TM4C_DFP\1.1.0\Device\Include\TM4C123 -ID:\Keil_v5\ARM\CMSIS\
Include --predefine="__EVAL SETA 1" --predefine="__UVISION_VERSION SETA 526" --
predefine="TM4C123GH6PM SETA 1" --list=.\listings\code.lst code.s



ARM Macro Assembler    Page 1 Alphabetic symbol ordering
Relocatable symbols

COMP 0000005A

Symbol: COMP
   Definitions
      At line 59 in file code.s
   Uses
      None
Comment: COMP unused
CORRECT 00000070

Symbol: CORRECT
   Definitions
      At line 71 in file code.s
   Uses
      At line 62 in file code.s
Comment: CORRECT used once
DOWN 00000072

Symbol: DOWN
   Definitions
      At line 73 in file code.s
   Uses
      At line 64 in file code.s
Comment: DOWN used once
FEED_B 00000050

Symbol: FEED_B
   Definitions
      At line 54 in file code.s
   Uses
      At line 57 in file code.s
Comment: FEED_B used once
GET_IC 00000002

Symbol: GET_IC
   Definitions
      At line 24 in file code.s
   Uses
      At line 22 in file code.s
      At line 29 in file code.s

GET_N 00000012

Symbol: GET_N
   Definitions
      At line 31 in file code.s
   Uses
      At line 26 in file code.s
Comment: GET_N used once
GUESS 00000038

Symbol: GUESS
   Definitions
      At line 45 in file code.s
   Uses
      At line 69 in file code.s
Comment: GUESS used once
GUESS_O 00000048




ARM Macro Assembler    Page 2 Alphabetic symbol ordering
Relocatable symbols

Symbol: GUESS_O
   Definitions
      At line 51 in file code.s
   Uses
      At line 49 in file code.s
Comment: GUESS_O used once
INIT 0000002C

Symbol: INIT
   Definitions
      At line 41 in file code.s
   Uses
      At line 39 in file code.s
Comment: INIT used once
RETURN 0000006A

Symbol: RETURN
   Definitions
      At line 68 in file code.s
   Uses
      At line 74 in file code.s
      At line 77 in file code.s

UP 00000078

Symbol: UP
   Definitions
      At line 76 in file code.s
   Uses
      At line 66 in file code.s
Comment: UP used once
__main 00000000

Symbol: __main
   Definitions
      At line 22 in file code.s
   Uses
      At line 19 in file code.s
      At line 80 in file code.s

done 0000007E

Symbol: done
   Definitions
      At line 79 in file code.s
   Uses
      At line 71 in file code.s
Comment: done used once
main 00000000

Symbol: main
   Definitions
      At line 13 in file code.s
   Uses
      None
Comment: main unused
14 symbols



ARM Macro Assembler    Page 1 Alphabetic symbol ordering
Absolute symbols

BASE 20000700

Symbol: BASE
   Definitions
      At line 6 in file code.s
   Uses
      None
Comment: BASE unused
TARGET 20000700

Symbol: TARGET
   Definitions
      At line 7 in file code.s
   Uses
      At line 47 in file code.s
Comment: TARGET used once
2 symbols



ARM Macro Assembler    Page 1 Alphabetic symbol ordering
External symbols

CONVRT 00000000

Symbol: CONVRT
   Definitions
      At line 15 in file code.s
   Uses
      At line 48 in file code.s
Comment: CONVRT used once
InChar 00000000

Symbol: InChar
   Definitions
      At line 18 in file code.s
   Uses
      At line 24 in file code.s
      At line 54 in file code.s

OutStr 00000000

Symbol: OutStr
   Definitions
      At line 17 in file code.s
   Uses
      At line 51 in file code.s
Comment: OutStr used once
UPBND 00000000

Symbol: UPBND
   Definitions
      At line 16 in file code.s
   Uses
      At line 68 in file code.s
Comment: UPBND used once
4 symbols
356 symbols in table
