


ARM Macro Assembler    Page 1 


    1 00000000         ;*******************************************************
                       ********
    2 00000000         ;*******************************************************
                       ********
    3 00000000 400FE608 
                       CLOCK   EQU              0x400FE608
    4 00000000 40005000 
                       PORT_B_DATA
                               EQU              0x40005000
    5 00000000 40005400 
                       PORT_B_DIR
                               EQU              0x40005400
    6 00000000 40005420 
                       PORT_B_AFSEL
                               EQU              0x40005420
    7 00000000 4000551C 
                       PORT_B_DEnable
                               EQU              0x4000551C
    8 00000000 40005404 
                       PORT_B_ISense
                               EQU              0x40005404
    9 00000000 40005408 
                       PORT_B_IBothE
                               EQU              0x40005408
   10 00000000 4000540C 
                       PORT_B_IEvent
                               EQU              0x4000540C
   11 00000000 40005410 
                       PORT_B_IMask
                               EQU              0x40005410
   12 00000000 40005414 
                       PORT_B_IRawS
                               EQU              0x40005414
   13 00000000 40005418 
                       PORT_B_IMaskS
                               EQU              0x40005418
   14 00000000 4000541C 
                       PORT_B_IClear
                               EQU              0x4000541C
   15 00000000         ;*******************************************************
                       ********
   16 00000000         ; Program section
   17 00000000         ;*******************************************************
                       ********
   18 00000000         ;LABEL  DIRECTIVE VALUE  COMMENT
   19 00000000                 AREA             routines, READONLY, CODE
   20 00000000                 THUMB
   21 00000000                 EXPORT           ConfGPIOstepper 
                                                            ; Make available
   22 00000000         
   23 00000000         ConfGPIOstepper
                               PROC
   24 00000000         
   25 00000000 481A            LDR              R0, = CLOCK
   26 00000002 F240 010F 
              F2C0 0100        MOV32            R1, #0x0F
   27 0000000A 7001            STRB             R1,[R0]
   28 0000000C BF00            NOP
   29 0000000E BF00            NOP



ARM Macro Assembler    Page 2 


   30 00000010 BF00            NOP
   31 00000012         
   32 00000012 4817            LDR              R0, = PORT_B_DIR
   33 00000014 F240 01F0 
              F2C0 0100        MOV32            R1, #0xF0
   34 0000001C 7001            STRB             R1,[R0]
   35 0000001E         
   36 0000001E 4815            LDR              R0, = PORT_B_AFSEL
   37 00000020 F240 0100 
              F2C0 0100        MOV32            R1, #0x00
   38 00000028 7001            STRB             R1,[R0]
   39 0000002A         
   40 0000002A 4813            LDR              R0, = PORT_B_DEnable
   41 0000002C F240 01FF 
              F2C0 0100        MOV32            R1, #0xFF
   42 00000034 7001            STRB             R1,[R0]
   43 00000036         
   44 00000036 4811            LDR              R0, = PORT_B_ISense
   45 00000038 F240 0100 
              F2C0 0100        MOV32            R1, #0x00
   46 00000040 7001            STRB             R1,[R0]
   47 00000042         
   48 00000042 480F            LDR              R0, = PORT_B_IBothE
   49 00000044 F240 0100 
              F2C0 0100        MOV32            R1, #0x00
   50 0000004C 7001            STRB             R1,[R0]
   51 0000004E         
   52 0000004E 480D            LDR              R0, = PORT_B_IEvent
   53 00000050 F240 010F 
              F2C0 0100        MOV32            R1, #0x0F
   54 00000058 7001            STRB             R1,[R0]
   55 0000005A         
   56 0000005A 480B            LDR              R0, = PORT_B_IMask
   57 0000005C F240 010F 
              F2C0 0100        MOV32            R1, #0x0F
   58 00000064 7001            STRB             R1,[R0]
   59 00000066         
   60 00000066 B662            CPSIE            I
   61 00000068         
   62 00000068 4770            BX               LR
   63 0000006A                 ENDP
   64 0000006A         ;*******************************************************
                       ********
   65 0000006A         ; End of the program  section
   66 0000006A         ;*******************************************************
                       ********
   67 0000006A         ;LABEL      DIRECTIVE       VALUE                       
                           COMMENT
   68 0000006A 00 00           ALIGN
   69 0000006C                 END
              400FE608 
              40005400 
              40005420 
              4000551C 
              40005404 
              40005408 
              4000540C 
              40005410 
Command Line: --debug --xref --diag_suppress=9931 --cpu=Cortex-M4.fp --apcs=int



ARM Macro Assembler    Page 3 


erwork --depend=.\objects\conf_gpio_port_b_q3.d -o.\objects\conf_gpio_port_b_q3
.o -I.\RTE\_q2 -ID:\Keil_v5\ARM\PACK\Keil\TM4C_DFP\1.1.0\Device\Include\TM4C123
 -ID:\Keil_v5\ARM\CMSIS\Include --predefine="__EVAL SETA 1" --predefine="__UVIS
ION_VERSION SETA 526" --predefine="TM4C123GH6PM SETA 1" --list=.\listings\conf_
gpio_port_b_q3.lst Conf_GPIO_PORT_B_q3.s



ARM Macro Assembler    Page 1 Alphabetic symbol ordering
Relocatable symbols

ConfGPIOstepper 00000000

Symbol: ConfGPIOstepper
   Definitions
      At line 23 in file Conf_GPIO_PORT_B_q3.s
   Uses
      At line 21 in file Conf_GPIO_PORT_B_q3.s
Comment: ConfGPIOstepper used once
routines 00000000

Symbol: routines
   Definitions
      At line 19 in file Conf_GPIO_PORT_B_q3.s
   Uses
      None
Comment: routines unused
2 symbols



ARM Macro Assembler    Page 1 Alphabetic symbol ordering
Absolute symbols

CLOCK 400FE608

Symbol: CLOCK
   Definitions
      At line 3 in file Conf_GPIO_PORT_B_q3.s
   Uses
      At line 25 in file Conf_GPIO_PORT_B_q3.s
Comment: CLOCK used once
PORT_B_AFSEL 40005420

Symbol: PORT_B_AFSEL
   Definitions
      At line 6 in file Conf_GPIO_PORT_B_q3.s
   Uses
      At line 36 in file Conf_GPIO_PORT_B_q3.s
Comment: PORT_B_AFSEL used once
PORT_B_DATA 40005000

Symbol: PORT_B_DATA
   Definitions
      At line 4 in file Conf_GPIO_PORT_B_q3.s
   Uses
      None
Comment: PORT_B_DATA unused
PORT_B_DEnable 4000551C

Symbol: PORT_B_DEnable
   Definitions
      At line 7 in file Conf_GPIO_PORT_B_q3.s
   Uses
      At line 40 in file Conf_GPIO_PORT_B_q3.s
Comment: PORT_B_DEnable used once
PORT_B_DIR 40005400

Symbol: PORT_B_DIR
   Definitions
      At line 5 in file Conf_GPIO_PORT_B_q3.s
   Uses
      At line 32 in file Conf_GPIO_PORT_B_q3.s
Comment: PORT_B_DIR used once
PORT_B_IBothE 40005408

Symbol: PORT_B_IBothE
   Definitions
      At line 9 in file Conf_GPIO_PORT_B_q3.s
   Uses
      At line 48 in file Conf_GPIO_PORT_B_q3.s
Comment: PORT_B_IBothE used once
PORT_B_IClear 4000541C

Symbol: PORT_B_IClear
   Definitions
      At line 14 in file Conf_GPIO_PORT_B_q3.s
   Uses
      None
Comment: PORT_B_IClear unused
PORT_B_IEvent 4000540C

Symbol: PORT_B_IEvent



ARM Macro Assembler    Page 2 Alphabetic symbol ordering
Absolute symbols

   Definitions
      At line 10 in file Conf_GPIO_PORT_B_q3.s
   Uses
      At line 52 in file Conf_GPIO_PORT_B_q3.s
Comment: PORT_B_IEvent used once
PORT_B_IMask 40005410

Symbol: PORT_B_IMask
   Definitions
      At line 11 in file Conf_GPIO_PORT_B_q3.s
   Uses
      At line 56 in file Conf_GPIO_PORT_B_q3.s
Comment: PORT_B_IMask used once
PORT_B_IMaskS 40005418

Symbol: PORT_B_IMaskS
   Definitions
      At line 13 in file Conf_GPIO_PORT_B_q3.s
   Uses
      None
Comment: PORT_B_IMaskS unused
PORT_B_IRawS 40005414

Symbol: PORT_B_IRawS
   Definitions
      At line 12 in file Conf_GPIO_PORT_B_q3.s
   Uses
      None
Comment: PORT_B_IRawS unused
PORT_B_ISense 40005404

Symbol: PORT_B_ISense
   Definitions
      At line 8 in file Conf_GPIO_PORT_B_q3.s
   Uses
      At line 44 in file Conf_GPIO_PORT_B_q3.s
Comment: PORT_B_ISense used once
12 symbols
350 symbols in table
