


ARM Macro Assembler    Page 1 


    1 00000000         ;*******************************************************
                       ********
    2 00000000         ; CONVRT
    3 00000000         ; Converts the HEX number stored in R4 to 
    4 00000000         ; the decimal equivalent, stores the characters
    5 00000000         ; at the location specified by R5.
    6 00000000         ;*******************************************************
                       ********
    7 00000000         ;*******************************************************
                       ********
    8 00000000         ; EQU Directives
    9 00000000         ; These directives do not allocate memory
   10 00000000         ;*******************************************************
                       ********
   11 00000000         ;LABEL  DIRECTIVE VALUE  COMMENT
   12 00000000         ;OFFSET   EQU      0x10
   13 00000000         ;FIRST     EQU      0x20000400
   14 00000000         ;*******************************************************
                       ********
   15 00000000         ; Directives - This Data Section is part of the code
   16 00000000         ; It is in the read only section  so values cannot be ch
                       anged.
   17 00000000         ;*******************************************************
                       ********
   18 00000000         ;LABEL  DIRECTIVE VALUE  COMMENT
   19 00000000         ;            AREA        sdata, DATA, READONLY
   20 00000000         ;            THUMB
   21 00000000         ;CTR1     DCB      0x10
   22 00000000         ;MSG      DCB      "Copying table..."
   23 00000000         ;   DCB   0x0D
   24 00000000         ;   DCB   0x04
   25 00000000         ;*******************************************************
                       ********
   26 00000000         ; Program section
   27 00000000         ;*******************************************************
                       ********
   28 00000000         ;LABEL  DIRECTIVE VALUE  COMMENT
   29 00000000                 AREA             routines, READONLY, CODE
   30 00000000                 THUMB
   31 00000000                 EXPORT           CONVRT      ; Make available
   32 00000000         
   33 00000000         CONVRT  PROC
   34 00000000         
   35 00000000 BF00            NOP
   36 00000002 E7FF            B                SAVE
   37 00000004         
   38 00000004         SAVE
   39 00000004 B401            PUSH{R0}
   40 00000006 B402            PUSH{R1}
   41 00000008 B420            PUSH{R5}                     ; save the address 
                                                            of R5
   42 0000000A E7FF            B                START
   43 0000000C         
   44 0000000C F04F 010A 
                       START   LDR              R1, = 10
   45 00000010 F04F 060A       LDR              R6, = 10
   46 00000014 4620            MOV              R0, R4      ; Number itself
   47 00000016 2900            CMP              R1, #0      ;clear carry
   48 00000018         



ARM Macro Assembler    Page 2 


   49 00000018 D00C    LOOP    BEQ              NEXT
   50 0000001A FBB0 F2F1       UDIV             R2, R0, R1  ; R2 = R0/10
   51 0000001E 4614            MOV              R4, R2
   52 00000020 FB02 F201       MUL              R2, R1      ; R2 *= 10
   53 00000024 EBA0 0302       SUB              R3, R0, R2  ; R3 = R0-R2
   54 00000028 4620            MOV              R0, R4
   55 0000002A F103 0330       ADD              R3, #0x30
   56 0000002E         
   57 0000002E B408            PUSH             {R3}
   58 00000030 3E01            SUBS             R6, #1
   59 00000032 E7F1            B                LOOP
   60 00000034         
   61 00000034 F04F 000A 
                       NEXT    LDR              R0, = 10    ; new counter
   62 00000038 F04F 0130       LDR              R1, = 0x30
   63 0000003C 3801            SUBS             R0, #1      ; clear xPSR
   64 0000003E E000            B                RETRIEVE
   65 00000040         
   66 00000040 3801    ctr     SUBS             R0, #1
   67 00000042         RETRIEVE
   68 00000042 BC10            POP              {R4}
   69 00000044 42A1            CMP              R1, R4
   70 00000046 D0FB            BEQ              ctr
   71 00000048 F805 4B01       STRB             R4, [R5], #1
   72 0000004C F04F 0129       LDR              R1, =0x29
   73 00000050 2800            CMP              R0, #0
   74 00000052 D1F5            BNE              ctr
   75 00000054 F04F 060D       LDR              R6, =0x0D
   76 00000058 F805 6B01       STRB             R6 , [R5], #1
   77 0000005C F04F 0604       LDR              R6, =0x04
   78 00000060 F805 6B01       STRB             R6, [R5], #1
   79 00000064 E7FF            B                EXIT
   80 00000066         
   81 00000066 BC20    EXIT    POP{R5}
   82 00000068 BC02            POP{R1}                      ; retrieve the addr
                                                            ess
   83 0000006A BC01            POP{R0}                      ; retrieve the addr
                                                            ess
   84 0000006C         ; retrieve the address
   85 0000006C 4770            BX               LR
   86 0000006E                 ENDP
   87 0000006E         ;*******************************************************
                       ********
   88 0000006E         ; End of the program  section
   89 0000006E         ;*******************************************************
                       ********
   90 0000006E         ;LABEL      DIRECTIVE       VALUE                       
                           COMMENT
   91 0000006E 00 00           ALIGN
   92 00000070                 END
Command Line: --debug --xref --diag_suppress=9931 --cpu=Cortex-M4.fp --apcs=int
erwork --depend=.\objects\convrt.d -o.\objects\convrt.o -I.\RTE\_q2 -ID:\Keil_v
5\ARM\PACK\Keil\TM4C_DFP\1.1.0\Device\Include\TM4C123 -ID:\Keil_v5\ARM\CMSIS\In
clude --predefine="__EVAL SETA 1" --predefine="__UVISION_VERSION SETA 526" --pr
edefine="TM4C123GH6PM SETA 1" --list=.\listings\convrt.lst convrt.s



ARM Macro Assembler    Page 1 Alphabetic symbol ordering
Relocatable symbols

CONVRT 00000000

Symbol: CONVRT
   Definitions
      At line 33 in file convrt.s
   Uses
      At line 31 in file convrt.s
Comment: CONVRT used once
EXIT 00000066

Symbol: EXIT
   Definitions
      At line 81 in file convrt.s
   Uses
      At line 79 in file convrt.s
Comment: EXIT used once
LOOP 00000018

Symbol: LOOP
   Definitions
      At line 49 in file convrt.s
   Uses
      At line 59 in file convrt.s
Comment: LOOP used once
NEXT 00000034

Symbol: NEXT
   Definitions
      At line 61 in file convrt.s
   Uses
      At line 49 in file convrt.s
Comment: NEXT used once
RETRIEVE 00000042

Symbol: RETRIEVE
   Definitions
      At line 67 in file convrt.s
   Uses
      At line 64 in file convrt.s
Comment: RETRIEVE used once
SAVE 00000004

Symbol: SAVE
   Definitions
      At line 38 in file convrt.s
   Uses
      At line 36 in file convrt.s
Comment: SAVE used once
START 0000000C

Symbol: START
   Definitions
      At line 44 in file convrt.s
   Uses
      At line 42 in file convrt.s
Comment: START used once
ctr 00000040

Symbol: ctr



ARM Macro Assembler    Page 2 Alphabetic symbol ordering
Relocatable symbols

   Definitions
      At line 66 in file convrt.s
   Uses
      At line 70 in file convrt.s
      At line 74 in file convrt.s

routines 00000000

Symbol: routines
   Definitions
      At line 29 in file convrt.s
   Uses
      None
Comment: routines unused
9 symbols
343 symbols in table
