


ARM Macro Assembler    Page 1 


    1 00000000         ;*******************************************************
                       ********
    2 00000000         ;*******************************************************
                       ********
    3 00000000         ;*******************************************************
                       ********
    4 00000000         ; Program section
    5 00000000 40005400 
                       GPIO_PORTB_DIR
                               EQU              0x40005400
    6 00000000 000000F0 
                       IOB     EQU              0xF0        ; 11110000
    7 00000000 400053C0 
                       GPIO_PORTB_OUT
                               EQU              0x400053C0
    8 00000000 4000503C 
                       GPIO_PORTB_IN
                               EQU              0x4000503C
    9 00000000 88888888 
                       shift_r EQU              0x88888888
   10 00000000 11111111 
                       shift_l EQU              0x11111111
   11 00000000         ;*******************************************************
                       ********
   12 00000000         ;LABEL  DIRECTIVE VALUE  COMMENT
   13 00000000                 AREA             routines, READONLY, CODE
   14 00000000                 THUMB
   15 00000000                 EXTERN           DELAY100us
   16 00000000                 EXPORT           GPIOPortB_Handler
   17 00000000         
   18 00000000         GPIOPortB_Handler
                               PROC
   19 00000000         ;PUSH{R0,R1}
   20 00000000 4912            LDR              R1, = GPIO_PORTB_IN
   21 00000002 4813            LDR              R0, = GPIO_PORTB_OUT
   22 00000004         Detect_IN
   23 00000004 680A            LDR              R2, [R1]
   24 00000006 2A0B            CMP              R2, #0xB
   25 00000008 D010            BEQ              S_L
   26 0000000A 2A0D            CMP              R2, #0xD
   27 0000000C D000            BEQ              S_R
   28 0000000E 4770            BX               LR
   29 00000010         
   30 00000010         S_R
   31 00000010 F04F 3188       LDR              R1, = shift_r
   32 00000014         S_R_Loop
   33 00000014 7001            STRB             R1, [R0]
   34 00000016 EA4F 0171       ROR              R1, R1, #1
   35 0000001A B500            PUSH             {LR}
   36 0000001C F7FF FFFE       BL               DELAY100us
   37 00000020 F85D EB04       POP{LR}
   38 00000024 F1B1 3F88       CMP              R1, #shift_r
   39 00000028         ;B S_R_Loop
   40 00000028 D1F4            BNE              S_R_Loop
   41 0000002A D00D            BEQ              QUIT
   42 0000002C         
   43 0000002C         S_L
   44 0000002C F04F 3111       LDR              R1, = shift_l
   45 00000030         S_L_Loop



ARM Macro Assembler    Page 2 


   46 00000030 7001            STRB             R1, [R0]
   47 00000032 EA4F 01F1       ROR              R1, R1, #3
   48 00000036 B500            PUSH             {LR}
   49 00000038 F7FF FFFE       BL               DELAY100us
   50 0000003C F85D EB04       POP              {LR}
   51 00000040 F1B1 3F11       CMP              R1, #shift_l
   52 00000044         ;B S_L_Loop
   53 00000044 D1F4            BNE              S_L_Loop
   54 00000046 D0FF            BEQ              QUIT
   55 00000048         QUIT
   56 00000048         ;PUSH{LR}
   57 00000048         ;POP{R0,R1}
   58 00000048 4770            BX               LR
   59 0000004A                 ENDP
   60 0000004A         ;*******************************************************
                       ********
   61 0000004A         ; End of the program  section
   62 0000004A         ;*******************************************************
                       ********
   63 0000004A         ;LABEL      DIRECTIVE       VALUE                       
                           COMMENT
   64 0000004A 00 00           ALIGN
   65 0000004C                 END
              4000503C 
              400053C0 
Command Line: --debug --xref --diag_suppress=9931 --cpu=Cortex-M4.fp --apcs=int
erwork --depend=.\objects\gpioportb_handler.d -o.\objects\gpioportb_handler.o -
I.\RTE\_q3 -ID:\Keil_v5\ARM\PACK\Keil\TM4C_DFP\1.1.0\Device\Include\TM4C123 -ID
:\Keil_v5\ARM\CMSIS\Include --predefine="__EVAL SETA 1" --predefine="__UVISION_
VERSION SETA 526" --predefine="TM4C123GH6PM SETA 1" --list=.\listings\gpioportb
_handler.lst GPIOPortB_Handler.s



ARM Macro Assembler    Page 1 Alphabetic symbol ordering
Relocatable symbols

Detect_IN 00000004

Symbol: Detect_IN
   Definitions
      At line 22 in file GPIOPortB_Handler.s
   Uses
      None
Comment: Detect_IN unused
GPIOPortB_Handler 00000000

Symbol: GPIOPortB_Handler
   Definitions
      At line 18 in file GPIOPortB_Handler.s
   Uses
      At line 16 in file GPIOPortB_Handler.s
Comment: GPIOPortB_Handler used once
QUIT 00000048

Symbol: QUIT
   Definitions
      At line 55 in file GPIOPortB_Handler.s
   Uses
      At line 41 in file GPIOPortB_Handler.s
      At line 54 in file GPIOPortB_Handler.s

S_L 0000002C

Symbol: S_L
   Definitions
      At line 43 in file GPIOPortB_Handler.s
   Uses
      At line 25 in file GPIOPortB_Handler.s
Comment: S_L used once
S_L_Loop 00000030

Symbol: S_L_Loop
   Definitions
      At line 45 in file GPIOPortB_Handler.s
   Uses
      At line 53 in file GPIOPortB_Handler.s
Comment: S_L_Loop used once
S_R 00000010

Symbol: S_R
   Definitions
      At line 30 in file GPIOPortB_Handler.s
   Uses
      At line 27 in file GPIOPortB_Handler.s
Comment: S_R used once
S_R_Loop 00000014

Symbol: S_R_Loop
   Definitions
      At line 32 in file GPIOPortB_Handler.s
   Uses
      At line 40 in file GPIOPortB_Handler.s
Comment: S_R_Loop used once
routines 00000000




ARM Macro Assembler    Page 2 Alphabetic symbol ordering
Relocatable symbols

Symbol: routines
   Definitions
      At line 13 in file GPIOPortB_Handler.s
   Uses
      None
Comment: routines unused
8 symbols



ARM Macro Assembler    Page 1 Alphabetic symbol ordering
Absolute symbols

GPIO_PORTB_DIR 40005400

Symbol: GPIO_PORTB_DIR
   Definitions
      At line 5 in file GPIOPortB_Handler.s
   Uses
      None
Comment: GPIO_PORTB_DIR unused
GPIO_PORTB_IN 4000503C

Symbol: GPIO_PORTB_IN
   Definitions
      At line 8 in file GPIOPortB_Handler.s
   Uses
      At line 20 in file GPIOPortB_Handler.s
Comment: GPIO_PORTB_IN used once
GPIO_PORTB_OUT 400053C0

Symbol: GPIO_PORTB_OUT
   Definitions
      At line 7 in file GPIOPortB_Handler.s
   Uses
      At line 21 in file GPIOPortB_Handler.s
Comment: GPIO_PORTB_OUT used once
IOB 000000F0

Symbol: IOB
   Definitions
      At line 6 in file GPIOPortB_Handler.s
   Uses
      None
Comment: IOB unused
shift_l 11111111

Symbol: shift_l
   Definitions
      At line 10 in file GPIOPortB_Handler.s
   Uses
      At line 44 in file GPIOPortB_Handler.s
      At line 51 in file GPIOPortB_Handler.s

shift_r 88888888

Symbol: shift_r
   Definitions
      At line 9 in file GPIOPortB_Handler.s
   Uses
      At line 31 in file GPIOPortB_Handler.s
      At line 38 in file GPIOPortB_Handler.s

6 symbols



ARM Macro Assembler    Page 1 Alphabetic symbol ordering
External symbols

DELAY100us 00000000

Symbol: DELAY100us
   Definitions
      At line 15 in file GPIOPortB_Handler.s
   Uses
      At line 36 in file GPIOPortB_Handler.s
      At line 49 in file GPIOPortB_Handler.s

1 symbol
351 symbols in table
