


ARM Macro Assembler    Page 1 


    1 00000000         ;*******************************************************
                       ********
    2 00000000         ; EQU Directives
    3 00000000         ; These directives do not allocate memory
    4 00000000         ;*******************************************************
                       ********
    5 00000000         ;SYMBOL  DIRECTIVE VALUE   COMMENT
    6 00000000 200005FF 
                       DIGITS  EQU              0x200005FF
    7 00000000 20000700 
                       TARGET  EQU              0x20000700
    8 00000000 20000500 
                       STORE   EQU              0x20000500
    9 00000000         ;*******************************************************
                       ********
   10 00000000         ; Program section
   11 00000000         ;*******************************************************
                       ********
   12 00000000         ;LABEL  DIRECTIVE VALUE   COMMENT
   13 00000000                 AREA             main, READONLY, CODE
   14 00000000                 THUMB
   15 00000000                 EXTERN           CONVRT
   16 00000000                 EXTERN           TRAVERS
   17 00000000                 EXTERN           OutStr      ; Reference externa
                                                            l subroutine 
   18 00000000                 EXTERN           InChar      ; Reference externa
                                                            l subroutine 
   19 00000000                 EXPORT           __main
   20 00000000                 ENTRY
   21 00000000         
   22 00000000 4F1C    __main  LDR              R7, = DIGITS
   23 00000002 F04F 05FF       LDR              R5, = 0xFF  ; start with FF
   24 00000006 F807 5B01       STRB             R5, [R7], #1
   25 0000000A E7FF            B                GET_IC
   26 0000000C         
   27 0000000C F7FF FFFE 
                       GET_IC  BL               InChar      ; store chars of n
   28 00000010 2D0A            CMP              R5, #0xA
   29 00000012 D005            BEQ              GET_STONES
   30 00000014 F1A5 0530       SUB              R5, #0x30
   31 00000018 B420            PUSH{R5}
   32 0000001A F807 5B01       STRB             R5, [R7], #1
   33 0000001E E7F5            B                GET_IC
   34 00000020         
   35 00000020 F04F 0001 
                       GET_STONES
                               MOV              R0, #1      ; digit pointer
   36 00000024 F04F 0100       MOV              R1, #0      ; soulstone counter
                                                            
   37 00000028 F04F 020A       MOV              R2, #10
   38 0000002C F04F 05FF       LDR              R5, = 0xFF
   39 00000030 703D            STRB             R5, [R7]    ; terminate with FF
                                                            
   40 00000032 F817 5D01 
                       LOOP    LDRB             R5, [R7, #-1]!
   41 00000036 2DFF            CMP              R5, #0xFF
   42 00000038 D00A            BEQ              FORWARD
   43 0000003A FB05 F500       MUL              R5, R5, R0
   44 0000003E 4429            ADD              R1, R5



ARM Macro Assembler    Page 2 


   45 00000040 2800            CMP              R0, #0
   46 00000042 D002            BEQ              z_digit
   47 00000044 FB00 F002       MUL              R0, R0, R2
   48 00000048 E7F3            B                LOOP
   49 0000004A F100 0001 
                       z_digit ADD              R0, R0, #1
   50 0000004E E7F0            B                LOOP
   51 00000050         
   52 00000050 4F09    FORWARD LDR              R7, = DIGITS +1 ; restore digit
                                                             locations
   53 00000052 F7FF FFFE       BL               TRAVERS
   54 00000056 F04F 03FF       MOV              R3, #0xFF
   55 0000005A         
   56 0000005A F818 4D01 
                       CMPR    LDRB             R4, [R8,#-1] !
   57 0000005E 2CFF            CMP              R4, #0xFF
   58 00000060 D003            BEQ              COUT
   59 00000062 429C            CMP              R4, R3
   60 00000064 DAF9            BGE              CMPR
   61 00000066 461C            MOV              R4, R3
   62 00000068 E7F7            B                CMPR
   63 0000006A         
   64 0000006A         
   65 0000006A 4D04    COUT    LDR              R5, = TARGET
   66 0000006C F7FF FFFE       BL               OutStr
   67 00000070         
   68 00000070         
   69 00000070         done
   70 00000070 E7FE            B                __main
   71 00000072                 END
              00 00 200005FF 
              20000600 
              20000700 
Command Line: --debug --xref --diag_suppress=9931 --cpu=Cortex-M4.fp --apcs=int
erwork --depend=.\objects\code.d -o.\objects\code.o -I.\RTE\_Target_1 -ID:\Keil
_v5\ARM\PACK\Keil\TM4C_DFP\1.1.0\Device\Include\TM4C123 -ID:\Keil_v5\ARM\CMSIS\
Include --predefine="__EVAL SETA 1" --predefine="__UVISION_VERSION SETA 526" --
predefine="TM4C123GH6PM SETA 1" --list=.\listings\code.lst code.s



ARM Macro Assembler    Page 1 Alphabetic symbol ordering
Relocatable symbols

CMPR 0000005A

Symbol: CMPR
   Definitions
      At line 56 in file code.s
   Uses
      At line 60 in file code.s
      At line 62 in file code.s

COUT 0000006A

Symbol: COUT
   Definitions
      At line 65 in file code.s
   Uses
      At line 58 in file code.s
Comment: COUT used once
FORWARD 00000050

Symbol: FORWARD
   Definitions
      At line 52 in file code.s
   Uses
      At line 42 in file code.s
Comment: FORWARD used once
GET_IC 0000000C

Symbol: GET_IC
   Definitions
      At line 27 in file code.s
   Uses
      At line 25 in file code.s
      At line 33 in file code.s

GET_STONES 00000020

Symbol: GET_STONES
   Definitions
      At line 35 in file code.s
   Uses
      At line 29 in file code.s
Comment: GET_STONES used once
LOOP 00000032

Symbol: LOOP
   Definitions
      At line 40 in file code.s
   Uses
      At line 48 in file code.s
      At line 50 in file code.s

__main 00000000

Symbol: __main
   Definitions
      At line 22 in file code.s
   Uses
      At line 19 in file code.s
      At line 70 in file code.s



ARM Macro Assembler    Page 2 Alphabetic symbol ordering
Relocatable symbols


done 00000070

Symbol: done
   Definitions
      At line 69 in file code.s
   Uses
      None
Comment: done unused
main 00000000

Symbol: main
   Definitions
      At line 13 in file code.s
   Uses
      None
Comment: main unused
z_digit 0000004A

Symbol: z_digit
   Definitions
      At line 49 in file code.s
   Uses
      At line 46 in file code.s
Comment: z_digit used once
10 symbols



ARM Macro Assembler    Page 1 Alphabetic symbol ordering
Absolute symbols

DIGITS 200005FF

Symbol: DIGITS
   Definitions
      At line 6 in file code.s
   Uses
      At line 22 in file code.s
      At line 52 in file code.s

STORE 20000500

Symbol: STORE
   Definitions
      At line 8 in file code.s
   Uses
      None
Comment: STORE unused
TARGET 20000700

Symbol: TARGET
   Definitions
      At line 7 in file code.s
   Uses
      At line 65 in file code.s
Comment: TARGET used once
3 symbols



ARM Macro Assembler    Page 1 Alphabetic symbol ordering
External symbols

CONVRT 00000000

Symbol: CONVRT
   Definitions
      At line 15 in file code.s
   Uses
      None
Comment: CONVRT unused
InChar 00000000

Symbol: InChar
   Definitions
      At line 18 in file code.s
   Uses
      At line 27 in file code.s
Comment: InChar used once
OutStr 00000000

Symbol: OutStr
   Definitions
      At line 17 in file code.s
   Uses
      At line 66 in file code.s
Comment: OutStr used once
TRAVERS 00000000

Symbol: TRAVERS
   Definitions
      At line 16 in file code.s
   Uses
      At line 53 in file code.s
Comment: TRAVERS used once
4 symbols
353 symbols in table
