


ARM Macro Assembler    Page 1 


    1 00000000         ;*******************************************************
                       ********
    2 00000000         ; CONVRT
    3 00000000         ; Converts the HEX number stored in R4 to 
    4 00000000         ; the decimal equivalent, stores the characters
    5 00000000         ; at the location specified by R5.
    6 00000000         ;*******************************************************
                       ********
    7 00000000         ;*******************************************************
                       ********
    8 00000000         ; EQU Directives
    9 00000000         ; These directives do not allocate memory
   10 00000000         ;*******************************************************
                       ********
   11 00000000         ;LABEL  DIRECTIVE VALUE  COMMENT
   12 00000000         ;OFFSET   EQU      0x10
   13 00000000         ;FIRST     EQU      0x20000400
   14 00000000         ;*******************************************************
                       ********
   15 00000000         ; Directives - This Data Section is part of the code
   16 00000000         ; It is in the read only section  so values cannot be ch
                       anged.
   17 00000000         ;*******************************************************
                       ********
   18 00000000         ;LABEL  DIRECTIVE VALUE  COMMENT
   19 00000000         ;            AREA        sdata, DATA, READONLY
   20 00000000         ;            THUMB
   21 00000000         ;CTR1     DCB      0x10
   22 00000000         ;MSG      DCB      "Copying table..."
   23 00000000         ;   DCB   0x0D
   24 00000000         ;   DCB   0x04
   25 00000000         ;*******************************************************
                       ********
   26 00000000         ; Program section
   27 00000000         ;*******************************************************
                       ********
   28 00000000         ;LABEL  DIRECTIVE VALUE  COMMENT
   29 00000000                 AREA             routines, READONLY, CODE
   30 00000000                 THUMB
   31 00000000                 EXPORT           CONVRT      ; Make available
   32 00000000         
   33 00000000         CONVRT  PROC
   34 00000000 E7FF            B                SAVE
   35 00000002         
   36 00000002 B4FF    SAVE    PUSH{R0,R3,R2,R6,R7,R1,R4,R5}
   37 00000004 E7FF            B                START
   38 00000006         
   39 00000006 F04F 010A 
                       START   LDR              R1, = 10
   40 0000000A F04F 060A       LDR              R6, = 10
   41 0000000E 4620            MOV              R0, R4      ; Number itself
   42 00000010 2900            CMP              R1, #0      ;clear carry
   43 00000012         
   44 00000012 D00C    LOOP    BEQ              NEXT
   45 00000014 FBB0 F2F1       UDIV             R2, R0, R1  ; R2 = R0/10
   46 00000018 4614            MOV              R4, R2
   47 0000001A FB02 F201       MUL              R2, R1      ; R2 *= 10
   48 0000001E EBA0 0302       SUB              R3, R0, R2  ; R3 = R0-R2
   49 00000022 4620            MOV              R0, R4



ARM Macro Assembler    Page 2 


   50 00000024 F103 0330       ADD              R3, #0x30
   51 00000028         
   52 00000028 B408            PUSH             {R3}
   53 0000002A 3E01            SUBS             R6, #1
   54 0000002C E7F1            B                LOOP
   55 0000002E         
   56 0000002E F04F 000A 
                       NEXT    LDR              R0, = 10    ; new counter
   57 00000032 F04F 0130       LDR              R1, = 0x30
   58 00000036 3801            SUBS             R0, #1      ; clear xPSR
   59 00000038 E000            B                RETRIEVE
   60 0000003A         
   61 0000003A 3801    ctr     SUBS             R0, #1
   62 0000003C         RETRIEVE
   63 0000003C BC10            POP              {R4}
   64 0000003E 42A1            CMP              R1, R4
   65 00000040 D0FB            BEQ              ctr
   66 00000042 F805 4B01       STRB             R4, [R5], #1
   67 00000046 F04F 0129       LDR              R1, =0x29
   68 0000004A 2800            CMP              R0, #0
   69 0000004C D1F5            BNE              ctr
   70 0000004E F04F 060D       LDR              R6, =0x0D
   71 00000052 F805 6B01       STRB             R6 , [R5], #1
   72 00000056 F04F 0604       LDR              R6, =0x04
   73 0000005A F805 6B01       STRB             R6, [R5], #1
   74 0000005E E7FF            B                EXIT
   75 00000060         
   76 00000060 BCFF    EXIT    POP{R0,R3,R2,R6,R7,R1,R4,R5}
   77 00000062 4770            BX               LR
   78 00000064                 ENDP
   79 00000064         ;*******************************************************
                       ********
   80 00000064         ; End of the program  section
   81 00000064         ;*******************************************************
                       ********
   82 00000064         ;LABEL      DIRECTIVE       VALUE                       
                           COMMENT
   83 00000064                 ALIGN
   84 00000064                 END
Command Line: --debug --xref --diag_suppress=9931 --cpu=Cortex-M4.fp --apcs=int
erwork --depend=.\objects\convrt.d -o.\objects\convrt.o -I.\RTE\_Target_1 -ID:\
Keil_v5\ARM\PACK\Keil\TM4C_DFP\1.1.0\Device\Include\TM4C123 -ID:\Keil_v5\ARM\CM
SIS\Include --predefine="__EVAL SETA 1" --predefine="__UVISION_VERSION SETA 526
" --predefine="TM4C123GH6PM SETA 1" --list=.\listings\convrt.lst convrt.s



ARM Macro Assembler    Page 1 Alphabetic symbol ordering
Relocatable symbols

CONVRT 00000000

Symbol: CONVRT
   Definitions
      At line 33 in file convrt.s
   Uses
      At line 31 in file convrt.s
Comment: CONVRT used once
EXIT 00000060

Symbol: EXIT
   Definitions
      At line 76 in file convrt.s
   Uses
      At line 74 in file convrt.s
Comment: EXIT used once
LOOP 00000012

Symbol: LOOP
   Definitions
      At line 44 in file convrt.s
   Uses
      At line 54 in file convrt.s
Comment: LOOP used once
NEXT 0000002E

Symbol: NEXT
   Definitions
      At line 56 in file convrt.s
   Uses
      At line 44 in file convrt.s
Comment: NEXT used once
RETRIEVE 0000003C

Symbol: RETRIEVE
   Definitions
      At line 62 in file convrt.s
   Uses
      At line 59 in file convrt.s
Comment: RETRIEVE used once
SAVE 00000002

Symbol: SAVE
   Definitions
      At line 36 in file convrt.s
   Uses
      At line 34 in file convrt.s
Comment: SAVE used once
START 00000006

Symbol: START
   Definitions
      At line 39 in file convrt.s
   Uses
      At line 37 in file convrt.s
Comment: START used once
ctr 0000003A

Symbol: ctr



ARM Macro Assembler    Page 2 Alphabetic symbol ordering
Relocatable symbols

   Definitions
      At line 61 in file convrt.s
   Uses
      At line 65 in file convrt.s
      At line 69 in file convrt.s

routines 00000000

Symbol: routines
   Definitions
      At line 29 in file convrt.s
   Uses
      None
Comment: routines unused
9 symbols
343 symbols in table
