


ARM Macro Assembler    Page 1 


    1 00000000         ;*******************************************************
                       ********
    2 00000000         ; UPBND
    3 00000000         ; Updates boundaries R0 (low) and R1 (high), according t
                       o
    4 00000000         ; value in R5. If R5 = 1, guess was lower ; if R5 = 0, g
                       uess
    5 00000000         ; was higher. The boundaries are updated with the value 
                       in R4.
    6 00000000         ;*******************************************************
                       ********
    7 00000000         ;*******************************************************
                       ********
    8 00000000         ; EQU Directives
    9 00000000         ; These directives do not allocate memory
   10 00000000         ;*******************************************************
                       ********
   11 00000000         ;LABEL  DIRECTIVE VALUE  COMMENT
   12 00000000 20000500 
                       STORE   EQU              0x20000500
   13 00000000 20000550 
                       STOREq  EQU              0x20000550
   14 00000000         ;FIRST     EQU      0x20000400
   15 00000000         ;*******************************************************
                       ********
   16 00000000         ; Directives - This Data Section is part of the code
   17 00000000         ; It is in the read only section  so values cannot be ch
                       anged.
   18 00000000         ;*******************************************************
                       ********
   19 00000000         ;LABEL  DIRECTIVE VALUE  COMMENT
   20 00000000         ;            AREA        sdata, DATA, READONLY
   21 00000000         ;            THUMB
   22 00000000         ;CTR1     DCB      0x10
   23 00000000         ;MSG      DCB      "Copying table..."
   24 00000000         ;   DCB   0x0D
   25 00000000         ;   DCB   0x04
   26 00000000         ;*******************************************************
                       ********
   27 00000000         ; Program section
   28 00000000         ;*******************************************************
                       ********
   29 00000000         ;LABEL  DIRECTIVE VALUE  COMMENT
   30 00000000                 AREA             routines, READONLY, CODE
   31 00000000                 THUMB
   32 00000000                 EXTERN           CONVRT
   33 00000000                 EXPORT           TRAVERS     ; Make available
   34 00000000         
   35 00000000         TRAVERS PROC
   36 00000000 B582            PUSH{R1,R7,LR}
   37 00000002 F8DF 80B0       LDR              R8, = STORE
   38 00000006 F04F 02FF       MOV              R2, #0xFF
   39 0000000A F808 2C01       STRB             R2, [R8, #-1]
   40 0000000E F04F 0201       MOV              R2, #1      ;clear R2
   41 00000012 E7FF            B                START
   42 00000014         
   43 00000014 B582    START   PUSH{R1,R7,LR}
   44 00000016 E7FF    COND    B                COND_1
   45 00000018         



ARM Macro Assembler    Page 2 


   46 00000018 2964    COND_1  CMP              R1, #100    ; R1 HOLDS SOULSTON
                                                            E!!!
   47 0000001A         ; R7 HOLDS DIGITS!!!!
   48 0000001A D404            BMI              COND_2
   49 0000001C E7FF            B                P_1
   50 0000001E         
   51 0000001E F1A1 012F 
                       P_1     SUB              R1, #47
   52 00000022 F7FF FFF7       BL               START
   53 00000026         
   54 00000026 2932    COND_2  CMP              R1, #50
   55 00000028 D917            BLS              COND_3
   56 0000002A F001 0001       AND              R0, R1, #1
   57 0000002E 2801            CMP              R0, #1
   58 00000030 D113            BNE              COND_3
   59 00000032 E7FF            B                P_2
   60 00000034         
   61 00000034         ;P_2   LDRB R0, [R7], #1
   62 00000034         ;   CMP R0, #0xFF
   63 00000034         ;   BEQ P2_RES
   64 00000034         ;   CMP R0, #0x00
   65 00000034         ;   BEQ P_2
   66 00000034         ;   MUL R2,R2,R0
   67 00000034         ;   B P_2
   68 00000034         
   69 00000034 4D20    P_2     LDR              R5, = STOREq
   70 00000036 460C            MOV              R4, R1
   71 00000038 F7FF FFFE       BL               CONVRT
   72 0000003C F815 0B01 
                       LOOP2   LDRB             R0, [R5], #1
   73 00000040 280D            CMP              R0, #0x0D
   74 00000042 D006            BEQ              P2_RES
   75 00000044 2800            CMP              R0, #0x00
   76 00000046 D0F9            BEQ              LOOP2
   77 00000048 F1A0 0030       SUB              R0, R0, #0x30
   78 0000004C FB02 F200       MUL              R2,R2,R0
   79 00000050 E7F4            B                LOOP2
   80 00000052         
   81 00000052 EBA1 0102 
                       P2_RES  SUB              R1, R2
   82 00000056 F7FF FFDD       BL               START
   83 0000005A         
   84 0000005A         
   85 0000005A F001 0001 
                       COND_3  AND              R0, R1, #1
   86 0000005E 2801            CMP              R0, #1
   87 00000060 D004            BEQ              COND_4
   88 00000062 E7FF            B                P_3
   89 00000064         
   90 00000064 EA4F 0151 
                       P_3     LSR              R1, #1
   91 00000068 F7FF FFD4       BL               START
   92 0000006C         
   93 0000006C 4608    COND_4  MOV              R0, R1
   94 0000006E F04F 0207       MOV              R2, #7
   95 00000072 FBB0 F0F2       UDIV             R0, R0, R2
   96 00000076 FB00 F002       MUL              R0, R2
   97 0000007A EBA1 0000       SUB              R0, R1, R0
   98 0000007E 2800            CMP              R0, #0



ARM Macro Assembler    Page 3 


   99 00000080 D10B            BNE              QUIT
  100 00000082 E7FF            B                P_4
  101 00000084         
  102 00000084 4608    P_4     MOV              R0, R1
  103 00000086 F04F 0203       MOV              R2, #3
  104 0000008A FBB0 F0F2       UDIV             R0, R0, R2
  105 0000008E FB00 F002       MUL              R0, R2
  106 00000092 EBA1 0100       SUB              R1, R1, R0
  107 00000096 F7FF FFBD       BL               START
  108 0000009A         
  109 0000009A F808 1B01 
                       QUIT    STRB             R1, [R8], #1
  110 0000009E         ;   MOV R2, #0xFF
  111 0000009E         ;   STRB R2, [R8], #1
  112 0000009E E8BD 4082       POP{R1,R7,LR}
  113 000000A2 4770            BX               LR
  114 000000A4         
  115 000000A4 F04F 02FF 
                       BACK    MOV              R2, #0xFF
  116 000000A8 F808 2B01       STRB             R2, [R8], #1
  117 000000AC E8BD 4082       POP{R1,R7,LR}
  118 000000B0         
  119 000000B0 4770            BX               LR
  120 000000B2                 ENDP
  121 000000B2         ;*******************************************************
                       ********
  122 000000B2         ; End of the program  section
  123 000000B2         ;*******************************************************
                       ********
  124 000000B2         ;LABEL      DIRECTIVE       VALUE                       
                           COMMENT
  125 000000B2 00 00           ALIGN
  126 000000B4                 END
              20000500 
              20000550 
Command Line: --debug --xref --diag_suppress=9931 --cpu=Cortex-M4.fp --apcs=int
erwork --depend=.\objects\upbnd.d -o.\objects\upbnd.o -I.\RTE\_Target_1 -ID:\Ke
il_v5\ARM\PACK\Keil\TM4C_DFP\1.1.0\Device\Include\TM4C123 -ID:\Keil_v5\ARM\CMSI
S\Include --predefine="__EVAL SETA 1" --predefine="__UVISION_VERSION SETA 526" 
--predefine="TM4C123GH6PM SETA 1" --list=.\listings\upbnd.lst upbnd.s



ARM Macro Assembler    Page 1 Alphabetic symbol ordering
Relocatable symbols

BACK 000000A4

Symbol: BACK
   Definitions
      At line 115 in file upbnd.s
   Uses
      None
Comment: BACK unused
COND 00000016

Symbol: COND
   Definitions
      At line 44 in file upbnd.s
   Uses
      None
Comment: COND unused
COND_1 00000018

Symbol: COND_1
   Definitions
      At line 46 in file upbnd.s
   Uses
      At line 44 in file upbnd.s
Comment: COND_1 used once
COND_2 00000026

Symbol: COND_2
   Definitions
      At line 54 in file upbnd.s
   Uses
      At line 48 in file upbnd.s
Comment: COND_2 used once
COND_3 0000005A

Symbol: COND_3
   Definitions
      At line 85 in file upbnd.s
   Uses
      At line 55 in file upbnd.s
      At line 58 in file upbnd.s

COND_4 0000006C

Symbol: COND_4
   Definitions
      At line 93 in file upbnd.s
   Uses
      At line 87 in file upbnd.s
Comment: COND_4 used once
LOOP2 0000003C

Symbol: LOOP2
   Definitions
      At line 72 in file upbnd.s
   Uses
      At line 76 in file upbnd.s
      At line 79 in file upbnd.s

P2_RES 00000052



ARM Macro Assembler    Page 2 Alphabetic symbol ordering
Relocatable symbols


Symbol: P2_RES
   Definitions
      At line 81 in file upbnd.s
   Uses
      At line 74 in file upbnd.s
Comment: P2_RES used once
P_1 0000001E

Symbol: P_1
   Definitions
      At line 51 in file upbnd.s
   Uses
      At line 49 in file upbnd.s
Comment: P_1 used once
P_2 00000034

Symbol: P_2
   Definitions
      At line 69 in file upbnd.s
   Uses
      At line 59 in file upbnd.s
Comment: P_2 used once
P_3 00000064

Symbol: P_3
   Definitions
      At line 90 in file upbnd.s
   Uses
      At line 88 in file upbnd.s
Comment: P_3 used once
P_4 00000084

Symbol: P_4
   Definitions
      At line 102 in file upbnd.s
   Uses
      At line 100 in file upbnd.s
Comment: P_4 used once
QUIT 0000009A

Symbol: QUIT
   Definitions
      At line 109 in file upbnd.s
   Uses
      At line 99 in file upbnd.s
Comment: QUIT used once
START 00000014

Symbol: START
   Definitions
      At line 43 in file upbnd.s
   Uses
      At line 41 in file upbnd.s
      At line 52 in file upbnd.s
      At line 82 in file upbnd.s
      At line 91 in file upbnd.s
      At line 107 in file upbnd.s




ARM Macro Assembler    Page 3 Alphabetic symbol ordering
Relocatable symbols

TRAVERS 00000000

Symbol: TRAVERS
   Definitions
      At line 35 in file upbnd.s
   Uses
      At line 33 in file upbnd.s
Comment: TRAVERS used once
routines 00000000

Symbol: routines
   Definitions
      At line 30 in file upbnd.s
   Uses
      None
Comment: routines unused
16 symbols



ARM Macro Assembler    Page 1 Alphabetic symbol ordering
Absolute symbols

STORE 20000500

Symbol: STORE
   Definitions
      At line 12 in file upbnd.s
   Uses
      At line 37 in file upbnd.s
Comment: STORE used once
STOREq 20000550

Symbol: STOREq
   Definitions
      At line 13 in file upbnd.s
   Uses
      At line 69 in file upbnd.s
Comment: STOREq used once
2 symbols



ARM Macro Assembler    Page 1 Alphabetic symbol ordering
External symbols

CONVRT 00000000

Symbol: CONVRT
   Definitions
      At line 32 in file upbnd.s
   Uses
      At line 71 in file upbnd.s
Comment: CONVRT used once
1 symbol
355 symbols in table
