


ARM Macro Assembler    Page 1 


    1 00000000         ;*******************************************************
                       ********
    2 00000000         ; ConfGPIOkeypad
    3 00000000         ;*******************************************************
                       ********
    4 00000000 400053FC 
                       GPIO_PORTB_DATA
                               EQU              0x400053FC  ;Port B data addres
                                                            s
    5 00000000 40005400 
                       GPIO_PORTB_DIR
                               EQU              0x40005400
    6 00000000 40005420 
                       GPIO_PORTB_AFSEL
                               EQU              0x40005420
    7 00000000 4000551C 
                       GPIO_PORTB_DEN
                               EQU              0x4000551C
    8 00000000 400FE608 
                       SYSCTL_RCGCGPIO
                               EQU              0x400FE608
    9 00000000 40005510 
                       GPIO_PORTB_PUR
                               EQU              0x40005510
   10 00000000 0000000F 
                       IOB     EQU              0x0F        ; LSB = output
   11 00000000 0000000F 
                       PUB     EQU              0x0F        ; pull up LSB enabl
                                                            ed.
   12 00000000         
   13 00000000 400243FC 
                       GPIO_PORTE_DATA
                               EQU              0x400243FC  ;Port E data addres
                                                            s
   14 00000000 40024400 
                       GPIO_PORTE_DIR
                               EQU              0x40024400
   15 00000000         ;PUR a c t u al a d d r e s s
   16 00000000 40024420 
                       GPIO_PORTE_AFSEL
                               EQU              0x40024420
   17 00000000 4002451C 
                       GPIO_PORTE_DEN
                               EQU              0x4002451C
   18 00000000 00000000 
                       IOE     EQU              0x00        ; input(not used)
   19 00000000         
   20 00000000         
   21 00000000         ;*******************************************************
                       ********
   22 00000000         ; Program section
   23 00000000         ;*******************************************************
                       ********
   24 00000000         ;LABEL  DIRECTIVE VALUE  COMMENT
   25 00000000                 AREA             routines, READONLY, CODE
   26 00000000                 THUMB
   27 00000000                 EXPORT           ConfGPIOkeypad ; Make available
                                                            
   28 00000000         



ARM Macro Assembler    Page 2 


   29 00000000         ConfGPIOkeypad
                               PROC
   30 00000000 B403            PUSH{R0,         R1}
   31 00000002         
   32 00000002 4917    DO      LDR              R1, =SYSCTL_RCGCGPIO
   33 00000004 6808            LDR              R0, [R1]
   34 00000006 F040 0012       ORR              R0, R0, #0x12
   35 0000000A 6008            STR              R0, [R1]
   36 0000000C BF00            NOP
   37 0000000E BF00            NOP
   38 00000010 BF00            NOP
   39 00000012         ;configure port B
   40 00000012 4914            LDR              R1, =GPIO_PORTB_DIR
   41 00000014 6808            LDR              R0, [R1]
   42 00000016 F020 00FF       BIC              R0, #0xFF
   43 0000001A F040 000F       ORR              R0, #IOB    ;11110000
   44 0000001E 6008            STR              R0, [R1]
   45 00000020         ;configure port B
   46 00000020         ;clear Alt. Function Select
   47 00000020 4911            LDR              R1, =GPIO_PORTB_AFSEL
   48 00000022 6808            LDR              R0, [R1]
   49 00000024 F020 00FF       BIC              R0, #0xFF
   50 00000028 6008            STR              R0, [R1]
   51 0000002A         ;clear Alt. Function Select
   52 0000002A         ; enable digital inputs
   53 0000002A 4910            LDR              R1, =GPIO_PORTB_DEN
   54 0000002C 6808            LDR              R0, [R1]
   55 0000002E F040 00FF       ORR              R0, #0xFF
   56 00000032 6008            STR              R0, [R1]
   57 00000034         ; enable digital inputs
   58 00000034 480E            LDR              R0 , =GPIO_PORTB_PUR
   59 00000036 F04F 010F       MOV              R1 , #PUB
   60 0000003A 6001            STR              R1 , [ R0 ]
   61 0000003C         
   62 0000003C         
   63 0000003C 490D            LDR              R1, =GPIO_PORTE_DIR
   64 0000003E 6808            LDR              R0, [R1]
   65 00000040 F040 0000       ORR              R0, #IOE
   66 00000044 6008            STR              R0, [R1]
   67 00000046 490C            LDR              R1, =GPIO_PORTE_AFSEL
   68 00000048 6808            LDR              R0, [R1]
   69 0000004A F020 00FF       BIC              R0, #0xFF
   70 0000004E 6008            STR              R0, [R1]
   71 00000050 490A            LDR              R1, =GPIO_PORTE_DEN
   72 00000052 6808            LDR              R0, [R1]
   73 00000054 F040 00FF       ORR              R0, #0xFF
   74 00000058 6008            STR              R0, [R1]
   75 0000005A         
   76 0000005A         
   77 0000005A BC03    EXI     POP{R0,          R1}
   78 0000005C 4770            BX               LR
   79 0000005E                 ENDP
   80 0000005E         ;*******************************************************
                       ********
   81 0000005E         ; End of the program  section
   82 0000005E         ;*******************************************************
                       ********
   83 0000005E         ;LABEL      DIRECTIVE       VALUE                       
                           COMMENT



ARM Macro Assembler    Page 3 


   84 0000005E 00 00           ALIGN
   85 00000060                 END
              400FE608 
              40005400 
              40005420 
              4000551C 
              40005510 
              40024400 
              40024420 
              4002451C 
Command Line: --debug --xref --diag_suppress=9931 --cpu=Cortex-M4.fp --apcs=int
erwork --depend=.\objects\confgpiokeypad.d -o.\objects\confgpiokeypad.o -I.\RTE
\_q3 -ID:\Keil_v5\ARM\PACK\Keil\TM4C_DFP\1.1.0\Device\Include\TM4C123 -ID:\Keil
_v5\ARM\CMSIS\Include --predefine="__EVAL SETA 1" --predefine="__UVISION_VERSIO
N SETA 526" --predefine="TM4C123GH6PM SETA 1" --list=.\listings\confgpiokeypad.
lst ConfGPIOkeypad.s



ARM Macro Assembler    Page 1 Alphabetic symbol ordering
Relocatable symbols

ConfGPIOkeypad 00000000

Symbol: ConfGPIOkeypad
   Definitions
      At line 29 in file ConfGPIOkeypad.s
   Uses
      At line 27 in file ConfGPIOkeypad.s
Comment: ConfGPIOkeypad used once
DO 00000002

Symbol: DO
   Definitions
      At line 32 in file ConfGPIOkeypad.s
   Uses
      None
Comment: DO unused
EXI 0000005A

Symbol: EXI
   Definitions
      At line 77 in file ConfGPIOkeypad.s
   Uses
      None
Comment: EXI unused
routines 00000000

Symbol: routines
   Definitions
      At line 25 in file ConfGPIOkeypad.s
   Uses
      None
Comment: routines unused
4 symbols



ARM Macro Assembler    Page 1 Alphabetic symbol ordering
Absolute symbols

GPIO_PORTB_AFSEL 40005420

Symbol: GPIO_PORTB_AFSEL
   Definitions
      At line 6 in file ConfGPIOkeypad.s
   Uses
      At line 47 in file ConfGPIOkeypad.s
Comment: GPIO_PORTB_AFSEL used once
GPIO_PORTB_DATA 400053FC

Symbol: GPIO_PORTB_DATA
   Definitions
      At line 4 in file ConfGPIOkeypad.s
   Uses
      None
Comment: GPIO_PORTB_DATA unused
GPIO_PORTB_DEN 4000551C

Symbol: GPIO_PORTB_DEN
   Definitions
      At line 7 in file ConfGPIOkeypad.s
   Uses
      At line 53 in file ConfGPIOkeypad.s
Comment: GPIO_PORTB_DEN used once
GPIO_PORTB_DIR 40005400

Symbol: GPIO_PORTB_DIR
   Definitions
      At line 5 in file ConfGPIOkeypad.s
   Uses
      At line 40 in file ConfGPIOkeypad.s
Comment: GPIO_PORTB_DIR used once
GPIO_PORTB_PUR 40005510

Symbol: GPIO_PORTB_PUR
   Definitions
      At line 9 in file ConfGPIOkeypad.s
   Uses
      At line 58 in file ConfGPIOkeypad.s
Comment: GPIO_PORTB_PUR used once
GPIO_PORTE_AFSEL 40024420

Symbol: GPIO_PORTE_AFSEL
   Definitions
      At line 16 in file ConfGPIOkeypad.s
   Uses
      At line 67 in file ConfGPIOkeypad.s
Comment: GPIO_PORTE_AFSEL used once
GPIO_PORTE_DATA 400243FC

Symbol: GPIO_PORTE_DATA
   Definitions
      At line 13 in file ConfGPIOkeypad.s
   Uses
      None
Comment: GPIO_PORTE_DATA unused
GPIO_PORTE_DEN 4002451C

Symbol: GPIO_PORTE_DEN



ARM Macro Assembler    Page 2 Alphabetic symbol ordering
Absolute symbols

   Definitions
      At line 17 in file ConfGPIOkeypad.s
   Uses
      At line 71 in file ConfGPIOkeypad.s
Comment: GPIO_PORTE_DEN used once
GPIO_PORTE_DIR 40024400

Symbol: GPIO_PORTE_DIR
   Definitions
      At line 14 in file ConfGPIOkeypad.s
   Uses
      At line 63 in file ConfGPIOkeypad.s
Comment: GPIO_PORTE_DIR used once
IOB 0000000F

Symbol: IOB
   Definitions
      At line 10 in file ConfGPIOkeypad.s
   Uses
      At line 43 in file ConfGPIOkeypad.s
Comment: IOB used once
IOE 00000000

Symbol: IOE
   Definitions
      At line 18 in file ConfGPIOkeypad.s
   Uses
      At line 65 in file ConfGPIOkeypad.s
Comment: IOE used once
PUB 0000000F

Symbol: PUB
   Definitions
      At line 11 in file ConfGPIOkeypad.s
   Uses
      At line 59 in file ConfGPIOkeypad.s
Comment: PUB used once
SYSCTL_RCGCGPIO 400FE608

Symbol: SYSCTL_RCGCGPIO
   Definitions
      At line 8 in file ConfGPIOkeypad.s
   Uses
      At line 32 in file ConfGPIOkeypad.s
Comment: SYSCTL_RCGCGPIO used once
13 symbols
353 symbols in table
