


ARM Macro Assembler    Page 1 


    1 00000000         ;*******************************************************
                       ********
    2 00000000         ; PRC_PINS
    3 00000000         ; R1 is the input register.
    4 00000000         ; R1 is the output register.
    5 00000000         
    6 00000000         ;*******************************************************
                       ********
    7 00000000 400053FC 
                       GPIO_PORTB_DATA
                               EQU              0x400053FC  ;Port B data addres
                                                            s
    8 00000000 40005400 
                       GPIO_PORTB_DIR
                               EQU              0x40005400
    9 00000000 40005420 
                       GPIO_PORTB_AFSEL
                               EQU              0x40005420
   10 00000000 4000551C 
                       GPIO_PORTB_DEN
                               EQU              0x4000551C
   11 00000000 400FE608 
                       SYSCTL_RCGCGPIO
                               EQU              0x400FE608
   12 00000000 0000000F 
                       IOB     EQU              0x0f        ; LSB = output, MSB
                                                             = input(not used)
   13 00000000         
   14 00000000 400243FC 
                       GPIO_PORTE_DATA
                               EQU              0x400243FC  ;Port E data addres
                                                            s
   15 00000000 40024400 
                       GPIO_PORTE_DIR
                               EQU              0x40024400
   16 00000000 40024510 
                       GPIO_PORTE_PUR
                               EQU              0x40024510  ;PUR a c t u al a d
                                                             d r e s s
   17 00000000 40024420 
                       GPIO_PORTE_AFSEL
                               EQU              0x40024420
   18 00000000 4002451C 
                       GPIO_PORTE_DEN
                               EQU              0x4002451C
   19 00000000 00000000 
                       IOE     EQU              0x00        ; input(not used)
   20 00000000 0000000F 
                       PUE     EQU              0x0F        ; pull up LSB enabl
                                                            ed.
   21 00000000         
   22 00000000 20001000 
                       TARGET  EQU              0x20001000
   23 00000000         
   24 00000000         ;*******************************************************
                       ********
   25 00000000         ; Program section
   26 00000000         ;*******************************************************
                       ********



ARM Macro Assembler    Page 2 


   27 00000000         ;LABEL  DIRECTIVE VALUE  COMMENT
   28 00000000                 AREA             routines, READONLY, CODE
   29 00000000                 THUMB
   30 00000000                 EXTERN           CONVRT
   31 00000000                 EXTERN           DELAY5s
   32 00000000                 EXTERN           DELAY100ms
   33 00000000                 EXTERN           PRC_PINS
   34 00000000                 EXTERN           ConfGPIOkeypad
   35 00000000                 EXTERN           OutStr      ; Reference externa
                                                            l subroutine 
   36 00000000                 EXTERN           InChar      ; Reference externa
                                                            l subroutine 
   37 00000000                 EXPORT           ScanKeys    ; Make available
   38 00000000         
   39 00000000         ScanKeys
                               PROC
   40 00000000 B40F            PUSH{R0,R1,R2,R3}
   41 00000002 4820            LDR              R0, = GPIO_PORTE_DATA 
                                                            ; check bit values
   42 00000004 4920            LDR              R1, = GPIO_PORTB_DATA 
                                                            ; output ground
   43 00000006 F04F 0904       MOV              R9, #4
   44 0000000A         
   45 0000000A         Count_Reset
   46 0000000A F04F 0210       LDR              R2, = 16    ; counter
   47 0000000E F04F 3388       LDR              R3, = 0x88888888 ;  10001000, l
                                                            ine grounder
   48 00000012         
   49 00000012         Refresh
   50 00000012 F04F 0405       LDR              R4, = 5     ; line counter
   51 00000016         
   52 00000016         Loop
   53 00000016 3C01            SUBS             R4, #1
   54 00000018 BF08 2404       MOVEQ            R4, #4
   55 0000001C EA4F 0373       ROR              R3, R3, #1  ;
   56 00000020 700B            STRB             R3, [R1]    ; Output grounded L
                                                            ine
   57 00000022         
   58 00000022         Check
   59 00000022 7805            LDRB             R5, [R0]    ; load bit values
   60 00000024         
   61 00000024 2D01            CMP              R5, #1
   62 00000026 D3F6            BLO              Loop
   63 00000028         
   64 00000028 D004            BEQ              Place_1
   65 0000002A 2D02            CMP              R5,  #2
   66 0000002C D008            BEQ              Place_2
   67 0000002E 2D04            CMP              R5,  #4
   68 00000030 D00C            BEQ              Place_3
   69 00000032 D111            BNE              Place_4
   70 00000034         
   71 00000034         Place_1
   72 00000034 FB04 F609       MUL              R6, R4, R9
   73 00000038 F1A6 0603       SUB              R6, #3
   74 0000003C 462F            MOV              R7, R5
   75 0000003E E00F            B                Check_Again
   76 00000040         
   77 00000040         Place_2
   78 00000040 FB04 F609       MUL              R6, R4, R9



ARM Macro Assembler    Page 3 


   79 00000044 F1A6 0602       SUB              R6, #2
   80 00000048 462F            MOV              R7, R5
   81 0000004A E009            B                Check_Again
   82 0000004C         
   83 0000004C         Place_3
   84 0000004C FB04 F609       MUL              R6, R4, R9
   85 00000050 F1A6 0601       SUB              R6, #1
   86 00000054 462F            MOV              R7, R5
   87 00000056 E003            B                Check_Again
   88 00000058         
   89 00000058         Place_4
   90 00000058 FB04 F609       MUL              R6, R4, R9
   91 0000005C 462F            MOV              R7, R5
   92 0000005E E7FF            B                Check_Again
   93 00000060         
   94 00000060         Check_Again
   95 00000060 F7FF FFFE       BL               DELAY100ms
   96 00000064 7805            LDRB             R5, [R0]    ; load bit values
   97 00000066         
   98 00000066 42BD            CMP              R5, R7
   99 00000068 D0D5            BEQ              Loop
  100 0000006A E7FF            B                Print
  101 0000006C         
  102 0000006C         Print
  103 0000006C B4FC            PUSH{R4,R5,R3,R7,R2,R6}
  104 0000006E 4D07            LDR              R5, = TARGET
  105 00000070 4634            MOV              R4, R6
  106 00000072 F7FF FFFE       BL               CONVRT
  107 00000076 F7FF FFFE       BL               OutStr
  108 0000007A BCFC            POP{R4,R5,R3,R7,R2,R6}
  109 0000007C E7CB            B                Loop
  110 0000007E         
  111 0000007E         EXIT
  112 0000007E BC01            POP{R0}
  113 00000080 4770            BX               LR
  114 00000082                 ENDP
  115 00000082         ;*******************************************************
                       ********
  116 00000082         ; End of the program  section
  117 00000082         ;*******************************************************
                       ********
  118 00000082         ;LABEL      DIRECTIVE       VALUE                       
                           COMMENT
  119 00000082 00 00           ALIGN
  120 00000084                 END
              400243FC 
              400053FC 
              20001000 
Command Line: --debug --xref --diag_suppress=9931 --cpu=Cortex-M4.fp --apcs=int
erwork --depend=.\objects\scan_keys2.d -o.\objects\scan_keys2.o -I.\RTE\_q3 -ID
:\Keil_v5\ARM\PACK\Keil\TM4C_DFP\1.1.0\Device\Include\TM4C123 -ID:\Keil_v5\ARM\
CMSIS\Include --predefine="__EVAL SETA 1" --predefine="__UVISION_VERSION SETA 5
26" --predefine="TM4C123GH6PM SETA 1" --list=.\listings\scan_keys2.lst Scan_Key
s2.s



ARM Macro Assembler    Page 1 Alphabetic symbol ordering
Relocatable symbols

Check 00000022

Symbol: Check
   Definitions
      At line 58 in file Scan_Keys2.s
   Uses
      None
Comment: Check unused
Check_Again 00000060

Symbol: Check_Again
   Definitions
      At line 94 in file Scan_Keys2.s
   Uses
      At line 75 in file Scan_Keys2.s
      At line 81 in file Scan_Keys2.s
      At line 87 in file Scan_Keys2.s
      At line 92 in file Scan_Keys2.s

Count_Reset 0000000A

Symbol: Count_Reset
   Definitions
      At line 45 in file Scan_Keys2.s
   Uses
      None
Comment: Count_Reset unused
EXIT 0000007E

Symbol: EXIT
   Definitions
      At line 111 in file Scan_Keys2.s
   Uses
      None
Comment: EXIT unused
Loop 00000016

Symbol: Loop
   Definitions
      At line 52 in file Scan_Keys2.s
   Uses
      At line 62 in file Scan_Keys2.s
      At line 99 in file Scan_Keys2.s
      At line 109 in file Scan_Keys2.s

Place_1 00000034

Symbol: Place_1
   Definitions
      At line 71 in file Scan_Keys2.s
   Uses
      At line 64 in file Scan_Keys2.s
Comment: Place_1 used once
Place_2 00000040

Symbol: Place_2
   Definitions
      At line 77 in file Scan_Keys2.s
   Uses



ARM Macro Assembler    Page 2 Alphabetic symbol ordering
Relocatable symbols

      At line 66 in file Scan_Keys2.s
Comment: Place_2 used once
Place_3 0000004C

Symbol: Place_3
   Definitions
      At line 83 in file Scan_Keys2.s
   Uses
      At line 68 in file Scan_Keys2.s
Comment: Place_3 used once
Place_4 00000058

Symbol: Place_4
   Definitions
      At line 89 in file Scan_Keys2.s
   Uses
      At line 69 in file Scan_Keys2.s
Comment: Place_4 used once
Print 0000006C

Symbol: Print
   Definitions
      At line 102 in file Scan_Keys2.s
   Uses
      At line 100 in file Scan_Keys2.s
Comment: Print used once
Refresh 00000012

Symbol: Refresh
   Definitions
      At line 49 in file Scan_Keys2.s
   Uses
      None
Comment: Refresh unused
ScanKeys 00000000

Symbol: ScanKeys
   Definitions
      At line 39 in file Scan_Keys2.s
   Uses
      At line 37 in file Scan_Keys2.s
Comment: ScanKeys used once
routines 00000000

Symbol: routines
   Definitions
      At line 28 in file Scan_Keys2.s
   Uses
      None
Comment: routines unused
13 symbols



ARM Macro Assembler    Page 1 Alphabetic symbol ordering
Absolute symbols

GPIO_PORTB_AFSEL 40005420

Symbol: GPIO_PORTB_AFSEL
   Definitions
      At line 9 in file Scan_Keys2.s
   Uses
      None
Comment: GPIO_PORTB_AFSEL unused
GPIO_PORTB_DATA 400053FC

Symbol: GPIO_PORTB_DATA
   Definitions
      At line 7 in file Scan_Keys2.s
   Uses
      At line 42 in file Scan_Keys2.s
Comment: GPIO_PORTB_DATA used once
GPIO_PORTB_DEN 4000551C

Symbol: GPIO_PORTB_DEN
   Definitions
      At line 10 in file Scan_Keys2.s
   Uses
      None
Comment: GPIO_PORTB_DEN unused
GPIO_PORTB_DIR 40005400

Symbol: GPIO_PORTB_DIR
   Definitions
      At line 8 in file Scan_Keys2.s
   Uses
      None
Comment: GPIO_PORTB_DIR unused
GPIO_PORTE_AFSEL 40024420

Symbol: GPIO_PORTE_AFSEL
   Definitions
      At line 17 in file Scan_Keys2.s
   Uses
      None
Comment: GPIO_PORTE_AFSEL unused
GPIO_PORTE_DATA 400243FC

Symbol: GPIO_PORTE_DATA
   Definitions
      At line 14 in file Scan_Keys2.s
   Uses
      At line 41 in file Scan_Keys2.s
Comment: GPIO_PORTE_DATA used once
GPIO_PORTE_DEN 4002451C

Symbol: GPIO_PORTE_DEN
   Definitions
      At line 18 in file Scan_Keys2.s
   Uses
      None
Comment: GPIO_PORTE_DEN unused
GPIO_PORTE_DIR 40024400

Symbol: GPIO_PORTE_DIR



ARM Macro Assembler    Page 2 Alphabetic symbol ordering
Absolute symbols

   Definitions
      At line 15 in file Scan_Keys2.s
   Uses
      None
Comment: GPIO_PORTE_DIR unused
GPIO_PORTE_PUR 40024510

Symbol: GPIO_PORTE_PUR
   Definitions
      At line 16 in file Scan_Keys2.s
   Uses
      None
Comment: GPIO_PORTE_PUR unused
IOB 0000000F

Symbol: IOB
   Definitions
      At line 12 in file Scan_Keys2.s
   Uses
      None
Comment: IOB unused
IOE 00000000

Symbol: IOE
   Definitions
      At line 19 in file Scan_Keys2.s
   Uses
      None
Comment: IOE unused
PUE 0000000F

Symbol: PUE
   Definitions
      At line 20 in file Scan_Keys2.s
   Uses
      None
Comment: PUE unused
SYSCTL_RCGCGPIO 400FE608

Symbol: SYSCTL_RCGCGPIO
   Definitions
      At line 11 in file Scan_Keys2.s
   Uses
      None
Comment: SYSCTL_RCGCGPIO unused
TARGET 20001000

Symbol: TARGET
   Definitions
      At line 22 in file Scan_Keys2.s
   Uses
      At line 104 in file Scan_Keys2.s
Comment: TARGET used once
14 symbols



ARM Macro Assembler    Page 1 Alphabetic symbol ordering
External symbols

CONVRT 00000000

Symbol: CONVRT
   Definitions
      At line 30 in file Scan_Keys2.s
   Uses
      At line 106 in file Scan_Keys2.s
Comment: CONVRT used once
ConfGPIOkeypad 00000000

Symbol: ConfGPIOkeypad
   Definitions
      At line 34 in file Scan_Keys2.s
   Uses
      None
Comment: ConfGPIOkeypad unused
DELAY100ms 00000000

Symbol: DELAY100ms
   Definitions
      At line 32 in file Scan_Keys2.s
   Uses
      At line 95 in file Scan_Keys2.s
Comment: DELAY100ms used once
DELAY5s 00000000

Symbol: DELAY5s
   Definitions
      At line 31 in file Scan_Keys2.s
   Uses
      None
Comment: DELAY5s unused
InChar 00000000

Symbol: InChar
   Definitions
      At line 36 in file Scan_Keys2.s
   Uses
      None
Comment: InChar unused
OutStr 00000000

Symbol: OutStr
   Definitions
      At line 35 in file Scan_Keys2.s
   Uses
      At line 107 in file Scan_Keys2.s
Comment: OutStr used once
PRC_PINS 00000000

Symbol: PRC_PINS
   Definitions
      At line 33 in file Scan_Keys2.s
   Uses
      None
Comment: PRC_PINS unused
7 symbols
370 symbols in table
