


ARM Macro Assembler    Page 1 


    1 00000000         ;*******************************************************
                       ********
    2 00000000         ; PRC_PINS
    3 00000000         ; R1 is the input register.
    4 00000000         ; R1 is the output register.
    5 00000000         
    6 00000000         ;*******************************************************
                       ********
    7 00000000 400053FC 
                       GPIO_PORTB_DATA
                               EQU              0x400053FC  ;Port B data addres
                                                            s
    8 00000000 40005400 
                       GPIO_PORTB_DIR
                               EQU              0x40005400
    9 00000000 40005420 
                       GPIO_PORTB_AFSEL
                               EQU              0x40005420
   10 00000000 4000551C 
                       GPIO_PORTB_DEN
                               EQU              0x4000551C
   11 00000000 400FE608 
                       SYSCTL_RCGCGPIO
                               EQU              0x400FE608
   12 00000000 0000000F 
                       IOB     EQU              0x0f        ; LSB = output, MSB
                                                             = input(not used)
   13 00000000         
   14 00000000 400243FC 
                       GPIO_PORTE_DATA
                               EQU              0x400243FC  ;Port E data addres
                                                            s
   15 00000000 40024400 
                       GPIO_PORTE_DIR
                               EQU              0x40024400
   16 00000000 40024510 
                       GPIO_PORTE_PUR
                               EQU              0x40024510  ;PUR a c t u al a d
                                                             d r e s s
   17 00000000 40024420 
                       GPIO_PORTE_AFSEL
                               EQU              0x40024420
   18 00000000 4002451C 
                       GPIO_PORTE_DEN
                               EQU              0x4002451C
   19 00000000 00000000 
                       IOE     EQU              0x00        ; input(not used)
   20 00000000 0000000F 
                       PUE     EQU              0x0F        ; pull up LSB enabl
                                                            ed.
   21 00000000         
   22 00000000 20001000 
                       TARGET  EQU              0x20001000
   23 00000000         
   24 00000000         ;*******************************************************
                       ********
   25 00000000         ; Program section
   26 00000000         ;*******************************************************
                       ********



ARM Macro Assembler    Page 2 


   27 00000000         ;LABEL  DIRECTIVE VALUE  COMMENT
   28 00000000                 AREA             routines, READONLY, CODE
   29 00000000                 THUMB
   30 00000000                 EXTERN           CONVRT
   31 00000000                 EXTERN           DELAY5s
   32 00000000                 EXTERN           DELAY100ms
   33 00000000                 EXTERN           Scan_Keys
   34 00000000                 EXTERN           PRC_PINS
   35 00000000                 EXTERN           ConfGPIOkeypad
   36 00000000                 EXTERN           OutStr      ; Reference externa
                                                            l subroutine 
   37 00000000                 EXTERN           InChar      ; Reference externa
                                                            l subroutine 
   38 00000000                 EXPORT           ScanKeys    ; Make available
   39 00000000         
   40 00000000         ScanKeys
                               PROC
   41 00000000 B401            PUSH{R0}
   42 00000002 481C            LDR              R0, = GPIO_PORTE_DATA 
                                                            ; check bit values
   43 00000004 491C            LDR              R1, = GPIO_PORTB_DATA 
                                                            ; output ground
   44 00000006 F04F 0604       MOV              R6, #0x4    ; temp = 16
   45 0000000A         Count_Reset
   46 0000000A F04F 0210       LDR              R2, = 16    ; counter
   47 0000000E F04F 3388       LDR              R3, = 0x88888888 ;  10001000, l
                                                            ine grounder
   48 00000012         
   49 00000012         
   50 00000012         Loop
   51 00000012 700B            STRB             R3, [R1]    ; Output grounded L
                                                            ine
   52 00000014 EA4F 0373       ROR              R3, R3, #1  ;
   53 00000018         
   54 00000018         
   55 00000018         Check_Again
   56 00000018 F7FF FFFE       BL               DELAY100ms
   57 0000001C 7805            LDRB             R5, [R0]    ; load bit values
   58 0000001E         
   59 0000001E         H_F
   60 0000001E         ; CMP R5, #0x0 ; cmp with 1111
   61 0000001E         ; BNE H_E
   62 0000001E         ; SUB R2, #4
   63 0000001E         ; B Loop  ; if 1111, next line
   64 0000001E         
   65 0000001E         H_E
   66 0000001E 2D01            CMP              R5, #0x1    ; if 1110
   67 00000020 D105            BNE              H_D
   68 00000022 42B5            CMP              R5, R6      ; check if changed
   69 00000024 D11B            BNE              Print
   70 00000026 F1A2 0203       SUB              R2, #3
   71 0000002A 4616            MOV              R6, R2
   72 0000002C E7F4            B                Check_Again
   73 0000002E         
   74 0000002E         H_D
   75 0000002E 2D02            CMP              R5, #0x2    ; if 1101
   76 00000030 D105            BNE              H_B
   77 00000032 42B5            CMP              R5, R6      ; check if changed
   78 00000034 D113            BNE              Print



ARM Macro Assembler    Page 3 


   79 00000036 F1A2 0202       SUB              R2, #2
   80 0000003A 4616            MOV              R6, R2
   81 0000003C E7EC            B                Check_Again
   82 0000003E         
   83 0000003E         H_B
   84 0000003E 2D04            CMP              R5, #0x4    ; if 1011
   85 00000040 D105            BNE              H_7
   86 00000042 42B5            CMP              R5, R6      ; check if changed
   87 00000044 D10B            BNE              Print
   88 00000046 F1A2 0201       SUB              R2, #1
   89 0000004A 4616            MOV              R6, R2
   90 0000004C E7E4            B                Check_Again
   91 0000004E         
   92 0000004E         H_7
   93 0000004E 2D08            CMP              R5, #0x8    ; if 0111
   94 00000050 D1DF            BNE              Loop
   95 00000052 42B5            CMP              R5, R6      ; check if changed
   96 00000054 D103            BNE              Print
   97 00000056 F1A2 0200       SUB              R2, #0
   98 0000005A 4616            MOV              R6, R2
   99 0000005C E7DC            B                Check_Again
  100 0000005E         ;;;;PUTBRACNH;;;;
  101 0000005E         
  102 0000005E         Print
  103 0000005E B438            PUSH{R4,R5,R3}
  104 00000060 4D06            LDR              R5, = TARGET
  105 00000062 4634            MOV              R4, R6
  106 00000064 F7FF FFFE       BL               CONVRT
  107 00000068 F7FF FFFE       BL               OutStr
  108 0000006C BC38            POP{R4,R5,R3}
  109 0000006E E7D0            B                Loop
  110 00000070         
  111 00000070         EXIT
  112 00000070 BC01            POP{R0}
  113 00000072 4770            BX               LR
  114 00000074                 ENDP
  115 00000074         ;*******************************************************
                       ********
  116 00000074         ; End of the program  section
  117 00000074         ;*******************************************************
                       ********
  118 00000074         ;LABEL      DIRECTIVE       VALUE                       
                           COMMENT
  119 00000074                 ALIGN
  120 00000074                 END
              400243FC 
              400053FC 
              20001000 
Command Line: --debug --xref --diag_suppress=9931 --cpu=Cortex-M4.fp --apcs=int
erwork --depend=.\objects\scan_keys.d -o.\objects\scan_keys.o -I.\RTE\_q3 -ID:\
Keil_v5\ARM\PACK\Keil\TM4C_DFP\1.1.0\Device\Include\TM4C123 -ID:\Keil_v5\ARM\CM
SIS\Include --predefine="__EVAL SETA 1" --predefine="__UVISION_VERSION SETA 526
" --predefine="TM4C123GH6PM SETA 1" --list=.\listings\scan_keys.lst Scan_Keys.s



ARM Macro Assembler    Page 1 Alphabetic symbol ordering
Relocatable symbols

Check_Again 00000018

Symbol: Check_Again
   Definitions
      At line 55 in file Scan_Keys.s
   Uses
      At line 72 in file Scan_Keys.s
      At line 81 in file Scan_Keys.s
      At line 90 in file Scan_Keys.s
      At line 99 in file Scan_Keys.s

Count_Reset 0000000A

Symbol: Count_Reset
   Definitions
      At line 45 in file Scan_Keys.s
   Uses
      None
Comment: Count_Reset unused
EXIT 00000070

Symbol: EXIT
   Definitions
      At line 111 in file Scan_Keys.s
   Uses
      None
Comment: EXIT unused
H_7 0000004E

Symbol: H_7
   Definitions
      At line 92 in file Scan_Keys.s
   Uses
      At line 85 in file Scan_Keys.s
Comment: H_7 used once
H_B 0000003E

Symbol: H_B
   Definitions
      At line 83 in file Scan_Keys.s
   Uses
      At line 76 in file Scan_Keys.s
Comment: H_B used once
H_D 0000002E

Symbol: H_D
   Definitions
      At line 74 in file Scan_Keys.s
   Uses
      At line 67 in file Scan_Keys.s
Comment: H_D used once
H_E 0000001E

Symbol: H_E
   Definitions
      At line 65 in file Scan_Keys.s
   Uses
      None
Comment: H_E unused



ARM Macro Assembler    Page 2 Alphabetic symbol ordering
Relocatable symbols

H_F 0000001E

Symbol: H_F
   Definitions
      At line 59 in file Scan_Keys.s
   Uses
      None
Comment: H_F unused
Loop 00000012

Symbol: Loop
   Definitions
      At line 50 in file Scan_Keys.s
   Uses
      At line 94 in file Scan_Keys.s
      At line 109 in file Scan_Keys.s

Print 0000005E

Symbol: Print
   Definitions
      At line 102 in file Scan_Keys.s
   Uses
      At line 69 in file Scan_Keys.s
      At line 78 in file Scan_Keys.s
      At line 87 in file Scan_Keys.s
      At line 96 in file Scan_Keys.s

ScanKeys 00000000

Symbol: ScanKeys
   Definitions
      At line 40 in file Scan_Keys.s
   Uses
      At line 38 in file Scan_Keys.s
Comment: ScanKeys used once
routines 00000000

Symbol: routines
   Definitions
      At line 28 in file Scan_Keys.s
   Uses
      None
Comment: routines unused
12 symbols



ARM Macro Assembler    Page 1 Alphabetic symbol ordering
Absolute symbols

GPIO_PORTB_AFSEL 40005420

Symbol: GPIO_PORTB_AFSEL
   Definitions
      At line 9 in file Scan_Keys.s
   Uses
      None
Comment: GPIO_PORTB_AFSEL unused
GPIO_PORTB_DATA 400053FC

Symbol: GPIO_PORTB_DATA
   Definitions
      At line 7 in file Scan_Keys.s
   Uses
      At line 43 in file Scan_Keys.s
Comment: GPIO_PORTB_DATA used once
GPIO_PORTB_DEN 4000551C

Symbol: GPIO_PORTB_DEN
   Definitions
      At line 10 in file Scan_Keys.s
   Uses
      None
Comment: GPIO_PORTB_DEN unused
GPIO_PORTB_DIR 40005400

Symbol: GPIO_PORTB_DIR
   Definitions
      At line 8 in file Scan_Keys.s
   Uses
      None
Comment: GPIO_PORTB_DIR unused
GPIO_PORTE_AFSEL 40024420

Symbol: GPIO_PORTE_AFSEL
   Definitions
      At line 17 in file Scan_Keys.s
   Uses
      None
Comment: GPIO_PORTE_AFSEL unused
GPIO_PORTE_DATA 400243FC

Symbol: GPIO_PORTE_DATA
   Definitions
      At line 14 in file Scan_Keys.s
   Uses
      At line 42 in file Scan_Keys.s
Comment: GPIO_PORTE_DATA used once
GPIO_PORTE_DEN 4002451C

Symbol: GPIO_PORTE_DEN
   Definitions
      At line 18 in file Scan_Keys.s
   Uses
      None
Comment: GPIO_PORTE_DEN unused
GPIO_PORTE_DIR 40024400

Symbol: GPIO_PORTE_DIR



ARM Macro Assembler    Page 2 Alphabetic symbol ordering
Absolute symbols

   Definitions
      At line 15 in file Scan_Keys.s
   Uses
      None
Comment: GPIO_PORTE_DIR unused
GPIO_PORTE_PUR 40024510

Symbol: GPIO_PORTE_PUR
   Definitions
      At line 16 in file Scan_Keys.s
   Uses
      None
Comment: GPIO_PORTE_PUR unused
IOB 0000000F

Symbol: IOB
   Definitions
      At line 12 in file Scan_Keys.s
   Uses
      None
Comment: IOB unused
IOE 00000000

Symbol: IOE
   Definitions
      At line 19 in file Scan_Keys.s
   Uses
      None
Comment: IOE unused
PUE 0000000F

Symbol: PUE
   Definitions
      At line 20 in file Scan_Keys.s
   Uses
      None
Comment: PUE unused
SYSCTL_RCGCGPIO 400FE608

Symbol: SYSCTL_RCGCGPIO
   Definitions
      At line 11 in file Scan_Keys.s
   Uses
      None
Comment: SYSCTL_RCGCGPIO unused
TARGET 20001000

Symbol: TARGET
   Definitions
      At line 22 in file Scan_Keys.s
   Uses
      At line 104 in file Scan_Keys.s
Comment: TARGET used once
14 symbols



ARM Macro Assembler    Page 1 Alphabetic symbol ordering
External symbols

CONVRT 00000000

Symbol: CONVRT
   Definitions
      At line 30 in file Scan_Keys.s
   Uses
      At line 106 in file Scan_Keys.s
Comment: CONVRT used once
ConfGPIOkeypad 00000000

Symbol: ConfGPIOkeypad
   Definitions
      At line 35 in file Scan_Keys.s
   Uses
      None
Comment: ConfGPIOkeypad unused
DELAY100ms 00000000

Symbol: DELAY100ms
   Definitions
      At line 32 in file Scan_Keys.s
   Uses
      At line 56 in file Scan_Keys.s
Comment: DELAY100ms used once
DELAY5s 00000000

Symbol: DELAY5s
   Definitions
      At line 31 in file Scan_Keys.s
   Uses
      None
Comment: DELAY5s unused
InChar 00000000

Symbol: InChar
   Definitions
      At line 37 in file Scan_Keys.s
   Uses
      None
Comment: InChar unused
OutStr 00000000

Symbol: OutStr
   Definitions
      At line 36 in file Scan_Keys.s
   Uses
      At line 107 in file Scan_Keys.s
Comment: OutStr used once
PRC_PINS 00000000

Symbol: PRC_PINS
   Definitions
      At line 34 in file Scan_Keys.s
   Uses
      None
Comment: PRC_PINS unused
Scan_Keys 00000000

Symbol: Scan_Keys



ARM Macro Assembler    Page 2 Alphabetic symbol ordering
External symbols

   Definitions
      At line 33 in file Scan_Keys.s
   Uses
      None
Comment: Scan_Keys unused
8 symbols
370 symbols in table
