


ARM Macro Assembler    Page 1 


    1 00000000         ;*******************************************************
                       ********
    2 00000000         ; UPBND
    3 00000000         ; Updates boundaries R0 (low) and R1 (high), according t
                       o
    4 00000000         ; value in R5. If R5 = 1, guess was lower ; if R5 = 0, g
                       uess
    5 00000000         ; was higher. The boundaries are updated with the value 
                       in R4.
    6 00000000         ;*******************************************************
                       ********
    7 00000000         ;*******************************************************
                       ********
    8 00000000         ; EQU Directives
    9 00000000         ; These directives do not allocate memory
   10 00000000         ;*******************************************************
                       ********
   11 00000000         ;LABEL  DIRECTIVE VALUE  COMMENT
   12 00000000         ;OFFSET   EQU      0x10
   13 00000000         ;FIRST     EQU      0x20000400
   14 00000000         ;*******************************************************
                       ********
   15 00000000         ; Directives - This Data Section is part of the code
   16 00000000         ; It is in the read only section  so values cannot be ch
                       anged.
   17 00000000         ;*******************************************************
                       ********
   18 00000000         ;LABEL  DIRECTIVE VALUE  COMMENT
   19 00000000         ;            AREA        sdata, DATA, READONLY
   20 00000000         ;            THUMB
   21 00000000         ;CTR1     DCB      0x10
   22 00000000         ;MSG      DCB      "Copying table..."
   23 00000000         ;   DCB   0x0D
   24 00000000         ;   DCB   0x04
   25 00000000         ;*******************************************************
                       ********
   26 00000000         ; Program section
   27 00000000         ;*******************************************************
                       ********
   28 00000000         ;LABEL  DIRECTIVE VALUE  COMMENT
   29 00000000                 AREA             routines, READONLY, CODE
   30 00000000                 THUMB
   31 00000000                 EXPORT           UPBND       ; Make available
   32 00000000         
   33 00000000         UPBND   PROC
   34 00000000         
   35 00000000 2D01            CMP              R5, #1
   36 00000002 D101            BNE              INC_G
   37 00000004 4620            MOV              R0, R4
   38 00000006 E001            B                BACK
   39 00000008         
   40 00000008 4621    INC_G   MOV              R1, R4
   41 0000000A E7FF            B                BACK
   42 0000000C         
   43 0000000C 4770    BACK    BX               LR
   44 0000000E                 ENDP
   45 0000000E         ;*******************************************************
                       ********
   46 0000000E         ; End of the program  section



ARM Macro Assembler    Page 2 


   47 0000000E         ;*******************************************************
                       ********
   48 0000000E         ;LABEL      DIRECTIVE       VALUE                       
                           COMMENT
   49 0000000E 00 00           ALIGN
   50 00000010                 END
Command Line: --debug --xref --diag_suppress=9931 --cpu=Cortex-M4.fp --apcs=int
erwork --depend=.\objects\upbnd.d -o.\objects\upbnd.o -I.\RTE\_Target_1 -ID:\Ke
il_v5\ARM\PACK\Keil\TM4C_DFP\1.1.0\Device\Include\TM4C123 -ID:\Keil_v5\ARM\CMSI
S\Include --predefine="__EVAL SETA 1" --predefine="__UVISION_VERSION SETA 526" 
--predefine="TM4C123GH6PM SETA 1" --list=.\listings\upbnd.lst upbnd.s



ARM Macro Assembler    Page 1 Alphabetic symbol ordering
Relocatable symbols

BACK 0000000C

Symbol: BACK
   Definitions
      At line 43 in file upbnd.s
   Uses
      At line 38 in file upbnd.s
      At line 41 in file upbnd.s

INC_G 00000008

Symbol: INC_G
   Definitions
      At line 40 in file upbnd.s
   Uses
      At line 36 in file upbnd.s
Comment: INC_G used once
UPBND 00000000

Symbol: UPBND
   Definitions
      At line 33 in file upbnd.s
   Uses
      At line 31 in file upbnd.s
Comment: UPBND used once
routines 00000000

Symbol: routines
   Definitions
      At line 29 in file upbnd.s
   Uses
      None
Comment: routines unused
4 symbols
338 symbols in table
