


ARM Macro Assembler    Page 1 


    1 00000000         ;*******************************************************
                       ********
    2 00000000         ; EQU Directives
    3 00000000         ; These directives do not allocate memory
    4 00000000         ;*******************************************************
                       ********
    5 00000000         ;SYMBOL  DIRECTIVE VALUE   COMMENT
    6 00000000 20000400 
                       NUM     EQU              0x20000400
    7 00000000 20001000 
                       TARGET  EQU              0x20001000
    8 00000000         ;*******************************************************
                       ********
    9 00000000         ; Program section
   10 00000000         ;*******************************************************
                       ********
   11 00000000         ;LABEL  DIRECTIVE VALUE   COMMENT
   12 00000000                 AREA             main, READONLY, CODE
   13 00000000                 THUMB
   14 00000000                 EXTERN           CONVRT
   15 00000000                 EXTERN           OutStr      ; Reference externa
                                                            l subroutine 
   16 00000000                 EXTERN           InChar      ; Reference externa
                                                            l subroutine 
   17 00000000                 EXPORT           __main
   18 00000000                 ENTRY
   19 00000000         
   20 00000000         __main
   21 00000000 F7FF FFFE       BL               InChar      ;stores the input a
                                                            t R5
   22 00000004 4B03            LDR              R3, = NUM   ; get the location 
                                                            pointed
   23 00000006 681C            LDR              R4, [R3]    ; load the content
   24 00000008 4D03            LDR              R5, = TARGET
   25 0000000A F7FF FFFE       BL               CONVRT
   26 0000000E F7FF FFFE       BL               OutStr
   27 00000012         
   28 00000012         done
   29 00000012 E7FE            B                __main
   30 00000014                 END
              20000400 
              20001000 
Command Line: --debug --xref --diag_suppress=9931 --cpu=Cortex-M4.fp --apcs=int
erwork --depend=.\objects\code.d -o.\objects\code.o -I.\RTE\_Target_1 -ID:\Keil
_v5\ARM\PACK\Keil\TM4C_DFP\1.1.0\Device\Include\TM4C123 -ID:\Keil_v5\ARM\CMSIS\
Include --predefine="__EVAL SETA 1" --predefine="__UVISION_VERSION SETA 526" --
predefine="TM4C123GH6PM SETA 1" --list=.\listings\code.lst code.s



ARM Macro Assembler    Page 1 Alphabetic symbol ordering
Relocatable symbols

__main 00000000

Symbol: __main
   Definitions
      At line 20 in file code.s
   Uses
      At line 17 in file code.s
      At line 29 in file code.s

done 00000012

Symbol: done
   Definitions
      At line 28 in file code.s
   Uses
      None
Comment: done unused
main 00000000

Symbol: main
   Definitions
      At line 12 in file code.s
   Uses
      None
Comment: main unused
3 symbols



ARM Macro Assembler    Page 1 Alphabetic symbol ordering
Absolute symbols

NUM 20000400

Symbol: NUM
   Definitions
      At line 6 in file code.s
   Uses
      At line 22 in file code.s
Comment: NUM used once
TARGET 20001000

Symbol: TARGET
   Definitions
      At line 7 in file code.s
   Uses
      At line 24 in file code.s
Comment: TARGET used once
2 symbols



ARM Macro Assembler    Page 1 Alphabetic symbol ordering
External symbols

CONVRT 00000000

Symbol: CONVRT
   Definitions
      At line 14 in file code.s
   Uses
      At line 25 in file code.s
Comment: CONVRT used once
InChar 00000000

Symbol: InChar
   Definitions
      At line 16 in file code.s
   Uses
      At line 21 in file code.s
Comment: InChar used once
OutStr 00000000

Symbol: OutStr
   Definitions
      At line 15 in file code.s
   Uses
      At line 26 in file code.s
Comment: OutStr used once
3 symbols
344 symbols in table
