


ARM Macro Assembler    Page 1 


    1 00000000         ;*******************************************************
                       ********
    2 00000000         ; CONVRT
    3 00000000         ; Converts the HEX number stored in R4 to 
    4 00000000         ; the decimal equivalent, stores the characters
    5 00000000         ; at the location specified by R5.
    6 00000000         ;*******************************************************
                       ********
    7 00000000         ;*******************************************************
                       ********
    8 00000000         ;LABEL  DIRECTIVE VALUE  COMMENT
    9 00000000         ;OFFSET   EQU      0x10
   10 00000000         ;FIRST     EQU      0x20000400
   11 00000000         ;*******************************************************
                       ********
   12 00000000         ; Program section
   13 00000000         ;*******************************************************
                       ********
   14 00000000         ;LABEL  DIRECTIVE VALUE  COMMENT
   15 00000000                 AREA             routines, READONLY, CODE
   16 00000000                 THUMB
   17 00000000                 EXPORT           CONVRT      ; Make available
   18 00000000         
   19 00000000         CONVRT  PROC
   20 00000000 E92D 1FFF       PUSH{R0-R12}
   21 00000004 F04F 000A       MOV              R0, #10     ; multiplier
   22 00000008 F04F 0600       MOV              R6, #0      ; counter
   23 0000000C 2C00            CMP              R4, #0
   24 0000000E D00F            BEQ              Memory_for_Zero
   25 00000010         
   26 00000010         Iterate_Digits
   27 00000010 2C00            CMP              R4, #0
   28 00000012 D012            BEQ              Revert_the_Order
   29 00000014 F106 0601       ADD              R6, R6, #1  ; incr. counter, up
                                                            date flags
   30 00000018 FBB4 F3F0       UDIV             R3, R4, R0  ; R3 = R4/10
   31 0000001C FB03 F300       MUL              R3, R3, R0  ; R3 = R3*10
   32 00000020 EBA4 0203       SUB              R2, R4, R3  ; R2 = R4-R3
   33 00000024         ; digit itself is R2
   34 00000024 F102 0230       ADD              R2, R2, #0x30 ; integer to asci
                                                            i char
   35 00000028 B404            PUSH{R2}                     ; store digit in me
                                                            mory
   36 0000002A FBB4 F4F0       UDIV             R4, R4, R0  ; R4 = R4/10
   37 0000002E E7EF            B                Iterate_Digits
   38 00000030         
   39 00000030         Memory_for_Zero
   40 00000030 F102 0430       ADD              R4, R2, #0x30 ; integer to asci
                                                            i char
   41 00000034 F805 4B01       STRB             R4, [R5],#1
   42 00000038 E006            B                EOC_EOL
   43 0000003A         
   44 0000003A         Revert_the_Order                     ; digits are found 
                                                            from LSB to MSB
   45 0000003A         ; the order must be reversed
   46 0000003A 2E00            CMP              R6, #0
   47 0000003C D004            BEQ              EOC_EOL
   48 0000003E BC04            POP{R2}
   49 00000040 F805 2B01       STRB             R2, [R5], #1



ARM Macro Assembler    Page 2 


   50 00000044 1E76            SUBS             R6, R6, #1  ; decr. counter, up
                                                            date flags
   51 00000046 E7F8            B                Revert_the_Order
   52 00000048         
   53 00000048         EOC_EOL                              ;indicate end of ch
                                                            ars and end of line
                                                            
   54 00000048 F04F 010D       MOV              R1, #0x0D
   55 0000004C F805 1B01       STRB             R1, [R5],#1
   56 00000050 F04F 0104       MOV              R1, #0x04
   57 00000054 F805 1B01       STRB             R1, [R5],#1
   58 00000058         
   59 00000058         EXIT
   60 00000058 E8BD 1FFF       POP{R0-R12}
   61 0000005C 4770            BX               LR
   62 0000005E                 ENDP
   63 0000005E         ;*******************************************************
                       ********
   64 0000005E         ; End of the program  section
   65 0000005E         ;*******************************************************
                       ********
   66 0000005E         ;LABEL      DIRECTIVE       VALUE                       
                           COMMENT
   67 0000005E 00 00           ALIGN
   68 00000060                 END
Command Line: --debug --xref --diag_suppress=9931 --cpu=Cortex-M4.fp --apcs=int
erwork --depend=.\objects\convrt.d -o.\objects\convrt.o -I.\RTE\_q3 -ID:\Keil_v
5\ARM\PACK\Keil\TM4C_DFP\1.1.0\Device\Include\TM4C123 -ID:\Keil_v5\ARM\CMSIS\In
clude --predefine="__EVAL SETA 1" --predefine="__UVISION_VERSION SETA 526" --pr
edefine="TM4C123GH6PM SETA 1" --list=.\listings\convrt.lst convrt.s



ARM Macro Assembler    Page 1 Alphabetic symbol ordering
Relocatable symbols

CONVRT 00000000

Symbol: CONVRT
   Definitions
      At line 19 in file convrt.s
   Uses
      At line 17 in file convrt.s
Comment: CONVRT used once
EOC_EOL 00000048

Symbol: EOC_EOL
   Definitions
      At line 53 in file convrt.s
   Uses
      At line 42 in file convrt.s
      At line 47 in file convrt.s

EXIT 00000058

Symbol: EXIT
   Definitions
      At line 59 in file convrt.s
   Uses
      None
Comment: EXIT unused
Iterate_Digits 00000010

Symbol: Iterate_Digits
   Definitions
      At line 26 in file convrt.s
   Uses
      At line 37 in file convrt.s
Comment: Iterate_Digits used once
Memory_for_Zero 00000030

Symbol: Memory_for_Zero
   Definitions
      At line 39 in file convrt.s
   Uses
      At line 24 in file convrt.s
Comment: Memory_for_Zero used once
Revert_the_Order 0000003A

Symbol: Revert_the_Order
   Definitions
      At line 44 in file convrt.s
   Uses
      At line 28 in file convrt.s
      At line 51 in file convrt.s

routines 00000000

Symbol: routines
   Definitions
      At line 15 in file convrt.s
   Uses
      None
Comment: routines unused
7 symbols



ARM Macro Assembler    Page 2 Alphabetic symbol ordering
Relocatable symbols

341 symbols in table
