


ARM Macro Assembler    Page 1 


    1 00000000         ;*******************************************************
                       ******** 
    2 00000000         ; Program_Directives.s  
    3 00000000         ; Copies the table from one location
    4 00000000         ; to another memory location.           
    5 00000000         ; Directives and Addressing modes are   
    6 00000000         ; explained with this program.   
    7 00000000         ;*******************************************************
                       ******** 
    8 00000000         ;*******************************************************
                       ******** 
    9 00000000         ; EQU Directives
   10 00000000         ; These directives do not allocate memory
   11 00000000         ;*******************************************************
                       ********
   12 00000000         ;LABEL  DIRECTIVE VALUE  COMMENT
   13 00000000 00000010 
                       OFFSET  EQU              0x10
   14 00000000 20000400 
                       FIRST   EQU              0x20000400
   15 00000000         ;*******************************************************
                       ********
   16 00000000         ; Directives - This Data Section is part of the code
   17 00000000         ; It is in the read only section  so values cannot be ch
                       anged.
   18 00000000         ;*******************************************************
                       ********
   19 00000000         ;LABEL  DIRECTIVE VALUE  COMMENT
   20 00000000                 AREA             sdata, DATA, READONLY
   21 00000000                 THUMB
   22 00000000 10      CTR1    DCB              0x10
   23 00000001 31 32 33 
              34 35 36 
              37 38 39 
              2E 2E 2E MSG     DCB              "123456789..."
   24 0000000D 0D              DCB              0x0D
   25 0000000E 04              DCB              0x04
   26 0000000F         ;*******************************************************
                       ********
   27 0000000F         ; Program section           
   28 0000000F         ;*******************************************************
                       ********
   29 0000000F         ;LABEL  DIRECTIVE VALUE  COMMENT
   30 0000000F                 AREA             main, READONLY, CODE
   31 00000000                 THUMB
   32 00000000                 EXTERN           OutStr      ; Reference externa
                                                            l subroutine 
   33 00000000                 EXPORT           __main      ; Make available
   34 00000000         
   35 00000000         __main
   36 00000000 4812            LDR              R0, = 0x20000400 
                                                            ; Pointer laden
   37 00000002 6801            LDR              R1,[R0]
   38 00000004 F000 F801       BL               KONVERT     ; Unterprogramm KON
                                                            VERT aufrufen
   39 00000008 E7FE    endlos  B                endlos
   40 0000000A         
   41 0000000A         
   42 0000000A         KONVERT



ARM Macro Assembler    Page 2 


   43 0000000A F810 3B01       LDRB             R3,[R0],#1  ; Byte laden
   44 0000000E F003 010F       AND              R1,R3,#0xF  ; ASCII-HEX-Wandlun
                                                            g
   45 00000012 460A            MOV              R2,R1       ; HEX-Zahl
   46 00000014 F04F 040A       MOV              R4,#10
   47 00000018         
   48 00000018 F810 3B01       LDRB             R3,[R0],#1  ; nächstes laden
   49 0000001C F003 030F       AND              R3,R3,#0xF  ; ASCII-Hex-Wandlun
                                                            g
   50 00000020 EA43 1101       ORR              R1,R3,R1,LSL #4 
                                                            ; BCD-Wert bilden
   51 00000024 FB04 3202       MLA              R2,R4,R2,R3 ; HEX-Zahl
   52 00000028         
   53 00000028 F810 3B01       LDRB             R3,[R0],#1  ; nächstes laden
   54 0000002C F003 030F       AND              R3,R3,#0xF  ; ASCII-Hex-Wandlun
                                                            g
   55 00000030 EA43 1101       ORR              R1,R3,R1,LSL #4 
                                                            ; BCD-Wert bilden
   56 00000034 FB04 3202       MLA              R2,R4,R2,R3 ; HEX-Zahl
   57 00000038         
   58 00000038 F810 3B01       LDRB             R3,[R0],#1  ; nächstes laden
   59 0000003C F003 030F       AND              R3,R3,#0xF  ; ASCII-Hex-Wandlun
                                                            g
   60 00000040 EA43 1101       ORR              R1,R3,R1,LSL #4 
                                                            ; BCD-Wert bilden
   61 00000044 FB04 3202       MLA              R2,R4,R2,R3 ; HEX-Zahl
   62 00000048         
   63 00000048 4770            BX               LR          ; Rücksprung
   64 0000004A         ;*******************************************************
                       ********
   65 0000004A         ; End of the program  section
   66 0000004A         ;*******************************************************
                       ********
   67 0000004A         ;LABEL      DIRECTIVE       VALUE                       
                           COMMENT
   68 0000004A 00 00           ALIGN
   69 0000004C                 END
              20000400 
Command Line: --debug --xref --diag_suppress=9931 --cpu=Cortex-M4.fp --apcs=int
erwork --depend=.\objects\program_directives.d -o.\objects\program_directives.o
 -I.\RTE\_Target_1 -ID:\Keil_v5\ARM\PACK\Keil\TM4C_DFP\1.1.0\Device\Include\TM4
C123 -ID:\Keil_v5\ARM\CMSIS\Include --predefine="__EVAL SETA 1" --predefine="__
UVISION_VERSION SETA 526" --predefine="TM4C123GH6PM SETA 1" --list=.\listings\p
rogram_directives.lst Program_Directives.s



ARM Macro Assembler    Page 1 Alphabetic symbol ordering
Relocatable symbols

CTR1 00000000

Symbol: CTR1
   Definitions
      At line 22 in file Program_Directives.s
   Uses
      None
Comment: CTR1 unused
MSG 00000001

Symbol: MSG
   Definitions
      At line 23 in file Program_Directives.s
   Uses
      None
Comment: MSG unused
sdata 00000000

Symbol: sdata
   Definitions
      At line 20 in file Program_Directives.s
   Uses
      None
Comment: sdata unused
3 symbols



ARM Macro Assembler    Page 1 Alphabetic symbol ordering
Relocatable symbols

KONVERT 0000000A

Symbol: KONVERT
   Definitions
      At line 42 in file Program_Directives.s
   Uses
      At line 38 in file Program_Directives.s
Comment: KONVERT used once
__main 00000000

Symbol: __main
   Definitions
      At line 35 in file Program_Directives.s
   Uses
      At line 33 in file Program_Directives.s
Comment: __main used once
endlos 00000008

Symbol: endlos
   Definitions
      At line 39 in file Program_Directives.s
   Uses
      At line 39 in file Program_Directives.s
Comment: endlos used once
main 00000000

Symbol: main
   Definitions
      At line 30 in file Program_Directives.s
   Uses
      None
Comment: main unused
4 symbols



ARM Macro Assembler    Page 1 Alphabetic symbol ordering
Absolute symbols

FIRST 20000400

Symbol: FIRST
   Definitions
      At line 14 in file Program_Directives.s
   Uses
      None
Comment: FIRST unused
OFFSET 00000010

Symbol: OFFSET
   Definitions
      At line 13 in file Program_Directives.s
   Uses
      None
Comment: OFFSET unused
2 symbols



ARM Macro Assembler    Page 1 Alphabetic symbol ordering
External symbols

OutStr 00000000

Symbol: OutStr
   Definitions
      At line 32 in file Program_Directives.s
   Uses
      None
Comment: OutStr unused
1 symbol
346 symbols in table
