


ARM Macro Assembler    Page 1 


    1 00000000         ;*******************************************************
                       ********
    2 00000000         ; CONVRT
    3 00000000         ; Converts the HEX number stored in R4 to 
    4 00000000         ; the decimal equivalent, stores the characters
    5 00000000         ; at the location specified by R5.
    6 00000000         ;*******************************************************
                       ********
    7 00000000         ;*******************************************************
                       ********
    8 00000000         ; EQU Directives
    9 00000000         ; These directives do not allocate memory
   10 00000000         ;*******************************************************
                       ********
   11 00000000         ;LABEL  DIRECTIVE VALUE  COMMENT
   12 00000000         ;OFFSET   EQU      0x10
   13 00000000         ;FIRST     EQU      0x20000400
   14 00000000         ;*******************************************************
                       ********
   15 00000000         ; Directives - This Data Section is part of the code
   16 00000000         ; It is in the read only section  so values cannot be ch
                       anged.
   17 00000000         ;*******************************************************
                       ********
   18 00000000         ;LABEL  DIRECTIVE VALUE  COMMENT
   19 00000000         ;            AREA        sdata, DATA, READONLY
   20 00000000         ;            THUMB
   21 00000000         ;CTR1     DCB      0x10
   22 00000000         ;MSG      DCB      "Copying table..."
   23 00000000         ;   DCB   0x0D
   24 00000000         ;   DCB   0x04
   25 00000000         ;*******************************************************
                       ********
   26 00000000         ; Program section
   27 00000000         ;*******************************************************
                       ********
   28 00000000         ;LABEL  DIRECTIVE VALUE  COMMENT
   29 00000000                 AREA             routines, READONLY, CODE
   30 00000000                 THUMB
   31 00000000                 EXPORT           CONVRT      ; Make available
   32 00000000         
   33 00000000         CONVRT  PROC
   34 00000000         
   35 00000000 BF00            NOP
   36 00000002 E7FF            B                SAVE
   37 00000004         
   38 00000004         SAVE
   39 00000004 E92D 1FFF       PUSH{R0-R12}
   40 00000008 E7FF            B                START
   41 0000000A         
   42 0000000A F04F 010A 
                       START   LDR              R1, = 10
   43 0000000E F04F 060A       LDR              R6, = 10
   44 00000012 4618            MOV              R0, R3      ; Number itself
   45 00000014 2900            CMP              R1, #0      ;clear carry
   46 00000016         
   47 00000016 D00C    LOOP    BEQ              NEXT
   48 00000018 FBB0 F2F1       UDIV             R2, R0, R1  ; R2 = R0/10
   49 0000001C 4614            MOV              R4, R2



ARM Macro Assembler    Page 2 


   50 0000001E FB02 F201       MUL              R2, R1      ; R2 *= 10
   51 00000022 EBA0 0302       SUB              R3, R0, R2  ; R3 = R0-R2
   52 00000026 4620            MOV              R0, R4
   53 00000028 F103 0330       ADD              R3, #0x30
   54 0000002C         
   55 0000002C B408            PUSH             {R3}
   56 0000002E 3E01            SUBS             R6, #1
   57 00000030 E7F1            B                LOOP
   58 00000032         
   59 00000032 F04F 000A 
                       NEXT    LDR              R0, = 10    ; new counter
   60 00000036 F04F 0130       LDR              R1, = 0x30
   61 0000003A 3801            SUBS             R0, #1      ; clear xPSR
   62 0000003C E000            B                RETRIEVE
   63 0000003E         
   64 0000003E 3801    ctr     SUBS             R0, #1
   65 00000040         RETRIEVE
   66 00000040 BC10            POP              {R4}
   67 00000042 42A1            CMP              R1, R4
   68 00000044 D0FB            BEQ              ctr
   69 00000046 F805 4B01       STRB             R4, [R5], #1
   70 0000004A F04F 0129       LDR              R1, =0x29
   71 0000004E 2800            CMP              R0, #0
   72 00000050 D1F5            BNE              ctr
   73 00000052 F04F 060D       LDR              R6, =0x0D
   74 00000056 F805 6B01       STRB             R6 , [R5], #1
   75 0000005A F04F 0604       LDR              R6, =0x04
   76 0000005E F805 6B01       STRB             R6, [R5], #1
   77 00000062 E7FF            B                EXIT
   78 00000064         
   79 00000064         EXIT
   80 00000064 E8BD 1FFF       POP{R0-R12}
   81 00000068 4770            BX               LR
   82 0000006A                 ENDP
   83 0000006A         ;*******************************************************
                       ********
   84 0000006A         ; End of the program  section
   85 0000006A         ;*******************************************************
                       ********
   86 0000006A         ;LABEL      DIRECTIVE       VALUE                       
                           COMMENT
   87 0000006A 00 00           ALIGN
   88 0000006C                 END
Command Line: --debug --xref --diag_suppress=9931 --cpu=Cortex-M4.fp --apcs=int
erwork --depend=.\objects\convrt.d -o.\objects\convrt.o -I.\RTE\_q3 -ID:\Keil_v
5\ARM\PACK\Keil\TM4C_DFP\1.1.0\Device\Include\TM4C123 -ID:\Keil_v5\ARM\CMSIS\In
clude --predefine="__EVAL SETA 1" --predefine="__UVISION_VERSION SETA 526" --pr
edefine="TM4C123GH6PM SETA 1" --list=.\listings\convrt.lst convrt.s



ARM Macro Assembler    Page 1 Alphabetic symbol ordering
Relocatable symbols

CONVRT 00000000

Symbol: CONVRT
   Definitions
      At line 33 in file convrt.s
   Uses
      At line 31 in file convrt.s
Comment: CONVRT used once
EXIT 00000064

Symbol: EXIT
   Definitions
      At line 79 in file convrt.s
   Uses
      At line 77 in file convrt.s
Comment: EXIT used once
LOOP 00000016

Symbol: LOOP
   Definitions
      At line 47 in file convrt.s
   Uses
      At line 57 in file convrt.s
Comment: LOOP used once
NEXT 00000032

Symbol: NEXT
   Definitions
      At line 59 in file convrt.s
   Uses
      At line 47 in file convrt.s
Comment: NEXT used once
RETRIEVE 00000040

Symbol: RETRIEVE
   Definitions
      At line 65 in file convrt.s
   Uses
      At line 62 in file convrt.s
Comment: RETRIEVE used once
SAVE 00000004

Symbol: SAVE
   Definitions
      At line 38 in file convrt.s
   Uses
      At line 36 in file convrt.s
Comment: SAVE used once
START 0000000A

Symbol: START
   Definitions
      At line 42 in file convrt.s
   Uses
      At line 40 in file convrt.s
Comment: START used once
ctr 0000003E

Symbol: ctr



ARM Macro Assembler    Page 2 Alphabetic symbol ordering
Relocatable symbols

   Definitions
      At line 64 in file convrt.s
   Uses
      At line 68 in file convrt.s
      At line 72 in file convrt.s

routines 00000000

Symbol: routines
   Definitions
      At line 29 in file convrt.s
   Uses
      None
Comment: routines unused
9 symbols
343 symbols in table
