


ARM Macro Assembler    Page 1 


    1 00000000         ; Pulse.s
    2 00000000         ; Routine for creating a pulse train using interrupts
    3 00000000         ; This uses Channel 0, and a 1MHz Timer Clock (_TAPR = 1
                       5 )
    4 00000000         ; Uses Timer0A to create pulse train on PF2
    5 00000000         
    6 00000000         ;Nested Vector Interrupt Controller registers
    7 00000000 00080000 
                       NVIC_EN0_INT19
                               EQU              0x00080000  ; Interrupt 19 enab
                                                            le
    8 00000000 E000E100 
                       NVIC_EN0
                               EQU              0xE000E100  ; IRQ 0 to 31 Set E
                                                            nable Register
    9 00000000 E000E410 
                       NVIC_PRI4
                               EQU              0xE000E410  ; IRQ 16 to 19 Prio
                                                            rity Register
   10 00000000         
   11 00000000         ; 16/32 Timer Registers
   12 00000000 40030000 
                       TIMER0_CFG
                               EQU              0x40030000
   13 00000000 40030004 
                       TIMER0_TAMR
                               EQU              0x40030004
   14 00000000 4003000C 
                       TIMER0_CTL
                               EQU              0x4003000C
   15 00000000 40030018 
                       TIMER0_IMR
                               EQU              0x40030018
   16 00000000 4003001C 
                       TIMER0_RIS
                               EQU              0x4003001C  ; Timer Interrupt S
                                                            tatus
   17 00000000 40030024 
                       TIMER0_ICR
                               EQU              0x40030024  ; Timer Interrupt C
                                                            lear
   18 00000000 40030028 
                       TIMER0_TAILR
                               EQU              0x40030028  ; Timer interval
   19 00000000 40030038 
                       TIMER0_TAPR
                               EQU              0x40030038
   20 00000000 40030048 
                       TIMER0_TAR
                               EQU              0x40030048  ; Timer register
   21 00000000         
   22 00000000         ;GPIO Registers
   23 00000000 40025010 
                       GPIO_PORTF_DATA
                               EQU              0x40025010  ; Access BIT2
   24 00000000 40025400 
                       GPIO_PORTF_DIR
                               EQU              0x40025400  ; Port Direction
   25 00000000 40025420 



ARM Macro Assembler    Page 2 


                       GPIO_PORTF_AFSEL
                               EQU              0x40025420  ; Alt Function enab
                                                            le
   26 00000000 4002551C 
                       GPIO_PORTF_DEN
                               EQU              0x4002551C  ; Digital Enable
   27 00000000 40025528 
                       GPIO_PORTF_AMSEL
                               EQU              0x40025528  ; Analog enable
   28 00000000 4002552C 
                       GPIO_PORTF_PCTL
                               EQU              0x4002552C  ; Alternate Functio
                                                            ns
   29 00000000         
   30 00000000         ;System Registers
   31 00000000 400FE608 
                       SYSCTL_RCGCGPIO
                               EQU              0x400FE608  ; GPIO Gate Control
                                                            
   32 00000000 400FE604 
                       SYSCTL_RCGCTIMER
                               EQU              0x400FE604  ; GPTM Gate Control
                                                            
   33 00000000         
   34 00000000         ;---------------------------------------------------
   35 00000000 00000014 
                       LOW     EQU              0x00000014
   36 00000000 0000001E 
                       HIGH    EQU              0x0000001E
   37 00000000         ;---------------------------------------------------
   38 00000000         
   39 00000000                 AREA             routines, CODE, READONLY
   40 00000000                 THUMB
   41 00000000                 EXPORT           Timer0A_Handler
   42 00000000                 EXPORT           PULSE_INIT
   43 00000000         
   44 00000000         ;---------------------------------------------------    
                        
   45 00000000         Timer0A_Handler
                               PROC
   46 00000000         
   47 00000000         ; clear interrupt flag
   48 00000000 492F            LDR              R1, =TIMER0_ICR
   49 00000002 F04F 0201       MOV              R2, #0x01
   50 00000006 600A            STR              R2, [R1]
   51 00000008         
   52 00000008         ; Toggle PortF Data
   53 00000008 492E            LDR              R1, = GPIO_PORTF_DATA
   54 0000000A 6808            LDR              R0,[R1]
   55 0000000C F080 0004       EOR              R0,R0,#0x04
   56 00000010 6008            STR              R0, [R1]
   57 00000012         
   58 00000012         ; change the interrupt interval
   59 00000012 492D            LDR              R1, =TIMER0_TAILR
   60 00000014 6808            LDR              R0 , [R1]
   61 00000016 F080 000A       EOR              R0, R0, #0x0A ; 30usec <--> 20u
                                                            sec
   62 0000001A 6008            STR              R0, [R1]
   63 0000001C         



ARM Macro Assembler    Page 3 


   64 0000001C 4770            BX               LR
   65 0000001E                 ENDP
   66 0000001E         ;---------------------------------------------------
   67 0000001E         
   68 0000001E         PULSE_INIT
                               PROC
   69 0000001E 492B            LDR              R1, =SYSCTL_RCGCGPIO 
                                                            ; start GPIO clock
   70 00000020 6808            LDR              R0, [R1]
   71 00000022 F040 0020       ORR              R0, R0, #0x20 ; set bit 5 for p
                                                            ort F
   72 00000026 6008            STR              R0, [R1]
   73 00000028 BF00            NOP                          ; allow clock to se
                                                            ttle
   74 0000002A BF00            NOP
   75 0000002C BF00            NOP
   76 0000002E 4928            LDR              R1, =GPIO_PORTF_DIR ; set direc
                                                            tion of PF2
   77 00000030 6808            LDR              R0, [R1]
   78 00000032 F040 0004       ORR              R0, R0, #0x04 ; set bit2 for ou
                                                            tput
   79 00000036 6008            STR              R0, [R1]
   80 00000038 4926            LDR              R1, =GPIO_PORTF_AFSEL ; regular
                                                             port function
   81 0000003A 6808            LDR              R0, [R1]
   82 0000003C F020 0004       BIC              R0, R0, #0x04
   83 00000040 6008            STR              R0, [R1]
   84 00000042 4925            LDR              R1, =GPIO_PORTF_PCTL ; no alter
                                                            nate function
   85 00000044 6808            LDR              R0, [R1]
   86 00000046 F420 6070       BIC              R0, R0, #0x00000F00
   87 0000004A 6008            STR              R0, [R1]
   88 0000004C 4923            LDR              R1, =GPIO_PORTF_AMSEL 
                                                            ; disable analog
   89 0000004E F04F 0000       MOV              R0, #0
   90 00000052 6008            STR              R0, [R1]
   91 00000054 4922            LDR              R1, =GPIO_PORTF_DEN ; enable po
                                                            rt digital
   92 00000056 6808            LDR              R0, [R1]
   93 00000058 F040 0004       ORR              R0, R0, #0x04
   94 0000005C 6008            STR              R0, [R1]
   95 0000005E         
   96 0000005E 4921            LDR              R1, =SYSCTL_RCGCTIMER 
                                                            ; Start Timer0
   97 00000060 680A            LDR              R2, [R1]
   98 00000062 F042 0201       ORR              R2, R2, #0x01
   99 00000066 600A            STR              R2, [R1]
  100 00000068 BF00            NOP                          ; allow clock to se
                                                            ttle
  101 0000006A BF00            NOP
  102 0000006C BF00            NOP
  103 0000006E 491E            LDR              R1, =TIMER0_CTL ; disable timer
                                                             during setup LDR R
                                                            2, [R1]
  104 00000070 F022 0201       BIC              R2, R2, #0x01
  105 00000074 600A            STR              R2, [R1]
  106 00000076 491D            LDR              R1, =TIMER0_CFG 
                                                            ; set 16 bit mode
  107 00000078 F04F 0204       MOV              R2, #0x04



ARM Macro Assembler    Page 4 


  108 0000007C 600A            STR              R2, [R1]
  109 0000007E 491C            LDR              R1, =TIMER0_TAMR
  110 00000080 F04F 0202       MOV              R2, #0x02   ; set to periodic, 
                                                            count down
  111 00000084 600A            STR              R2, [R1]
  112 00000086 4910            LDR              R1, =TIMER0_TAILR ; initialize 
                                                            match clocks
  113 00000088 F04F 0214       LDR              R2, =LOW
  114 0000008C 600A            STR              R2, [R1]
  115 0000008E 4919            LDR              R1, =TIMER0_TAPR
  116 00000090 F04F 020F       MOV              R2, #15     ; divide clock by 1
                                                            6 to
  117 00000094 600A            STR              R2, [R1]    ; get 1us clocks
  118 00000096 4918            LDR              R1, =TIMER0_IMR ; enable timeou
                                                            t interrupt
  119 00000098 F04F 0201       MOV              R2, #0x01
  120 0000009C 600A            STR              R2, [R1]
  121 0000009E         ; Configure interrupt priorities
  122 0000009E         ; Timer0A is interrupt #19.
  123 0000009E         ; Interrupts 16-19 are handled by NVIC register PRI4.
  124 0000009E         ; Interrupt 19 is controlled by bits 31:29 of PRI4.
  125 0000009E         ; set NVIC interrupt 19 to priority 2
  126 0000009E 4917            LDR              R1, =NVIC_PRI4
  127 000000A0 680A            LDR              R2, [R1]
  128 000000A2 F022 427F       AND              R2, R2, #0x00FFFFFF ; clear int
                                                            errupt 19 priority
  129 000000A6 F042 4280       ORR              R2, R2, #0x40000000 ; set inter
                                                            rupt 19 priority to
                                                             2
  130 000000AA 600A            STR              R2, [R1]
  131 000000AC         ; NVIC has to be enabled
  132 000000AC         ; Interrupts 0-31 are handled by NVIC register EN0
  133 000000AC         ; Interrupt 19 is controlled by bit 19
  134 000000AC         ; enable interrupt 19 in NVIC
  135 000000AC 4914            LDR              R1, =NVIC_EN0
  136 000000AE F2C0 0208       MOVT             R2, #0x08   ; set bit 19 to ena
                                                            ble interrupt 19
  137 000000B2 600A            STR              R2, [R1]
  138 000000B4         ; Enable timer
  139 000000B4 490C            LDR              R1, =TIMER0_CTL
  140 000000B6 680A            LDR              R2, [R1]
  141 000000B8 F042 0203       ORR              R2, R2, #0x03 ; set bit0 to ena
                                                            ble
  142 000000BC 600A            STR              R2, [R1]    ; and bit 1 to stal
                                                            l on debug
  143 000000BE 4770            BX               LR          ; return
  144 000000C0                 ENDP
  145 000000C0                 END
              40030024 
              40025010 
              40030028 
              400FE608 
              40025400 
              40025420 
              4002552C 
              40025528 
              4002551C 
              400FE604 
              4003000C 



ARM Macro Assembler    Page 5 


              40030000 
              40030004 
              40030038 
              40030018 
              E000E410 
              E000E100 
Command Line: --debug --xref --diag_suppress=9931 --cpu=Cortex-M4.fp --apcs=int
erwork --depend=.\objects\pulse.d -o.\objects\pulse.o -I.\RTE\_q2 -ID:\Keil_v5\
ARM\PACK\Keil\TM4C_DFP\1.1.0\Device\Include\TM4C123 -ID:\Keil_v5\ARM\CMSIS\Incl
ude --predefine="__EVAL SETA 1" --predefine="__UVISION_VERSION SETA 526" --pred
efine="TM4C123GH6PM SETA 1" --list=.\listings\pulse.lst Pulse.s



ARM Macro Assembler    Page 1 Alphabetic symbol ordering
Relocatable symbols

PULSE_INIT 0000001E

Symbol: PULSE_INIT
   Definitions
      At line 68 in file Pulse.s
   Uses
      At line 42 in file Pulse.s
Comment: PULSE_INIT used once
Timer0A_Handler 00000000

Symbol: Timer0A_Handler
   Definitions
      At line 45 in file Pulse.s
   Uses
      At line 41 in file Pulse.s
Comment: Timer0A_Handler used once
routines 00000000

Symbol: routines
   Definitions
      At line 39 in file Pulse.s
   Uses
      None
Comment: routines unused
3 symbols



ARM Macro Assembler    Page 1 Alphabetic symbol ordering
Absolute symbols

GPIO_PORTF_AFSEL 40025420

Symbol: GPIO_PORTF_AFSEL
   Definitions
      At line 25 in file Pulse.s
   Uses
      At line 80 in file Pulse.s
Comment: GPIO_PORTF_AFSEL used once
GPIO_PORTF_AMSEL 40025528

Symbol: GPIO_PORTF_AMSEL
   Definitions
      At line 27 in file Pulse.s
   Uses
      At line 88 in file Pulse.s
Comment: GPIO_PORTF_AMSEL used once
GPIO_PORTF_DATA 40025010

Symbol: GPIO_PORTF_DATA
   Definitions
      At line 23 in file Pulse.s
   Uses
      At line 53 in file Pulse.s
Comment: GPIO_PORTF_DATA used once
GPIO_PORTF_DEN 4002551C

Symbol: GPIO_PORTF_DEN
   Definitions
      At line 26 in file Pulse.s
   Uses
      At line 91 in file Pulse.s
Comment: GPIO_PORTF_DEN used once
GPIO_PORTF_DIR 40025400

Symbol: GPIO_PORTF_DIR
   Definitions
      At line 24 in file Pulse.s
   Uses
      At line 76 in file Pulse.s
Comment: GPIO_PORTF_DIR used once
GPIO_PORTF_PCTL 4002552C

Symbol: GPIO_PORTF_PCTL
   Definitions
      At line 28 in file Pulse.s
   Uses
      At line 84 in file Pulse.s
Comment: GPIO_PORTF_PCTL used once
HIGH 0000001E

Symbol: HIGH
   Definitions
      At line 36 in file Pulse.s
   Uses
      None
Comment: HIGH unused
LOW 00000014

Symbol: LOW



ARM Macro Assembler    Page 2 Alphabetic symbol ordering
Absolute symbols

   Definitions
      At line 35 in file Pulse.s
   Uses
      At line 113 in file Pulse.s
Comment: LOW used once
NVIC_EN0 E000E100

Symbol: NVIC_EN0
   Definitions
      At line 8 in file Pulse.s
   Uses
      At line 135 in file Pulse.s
Comment: NVIC_EN0 used once
NVIC_EN0_INT19 00080000

Symbol: NVIC_EN0_INT19
   Definitions
      At line 7 in file Pulse.s
   Uses
      None
Comment: NVIC_EN0_INT19 unused
NVIC_PRI4 E000E410

Symbol: NVIC_PRI4
   Definitions
      At line 9 in file Pulse.s
   Uses
      At line 126 in file Pulse.s
Comment: NVIC_PRI4 used once
SYSCTL_RCGCGPIO 400FE608

Symbol: SYSCTL_RCGCGPIO
   Definitions
      At line 31 in file Pulse.s
   Uses
      At line 69 in file Pulse.s
Comment: SYSCTL_RCGCGPIO used once
SYSCTL_RCGCTIMER 400FE604

Symbol: SYSCTL_RCGCTIMER
   Definitions
      At line 32 in file Pulse.s
   Uses
      At line 96 in file Pulse.s
Comment: SYSCTL_RCGCTIMER used once
TIMER0_CFG 40030000

Symbol: TIMER0_CFG
   Definitions
      At line 12 in file Pulse.s
   Uses
      At line 106 in file Pulse.s
Comment: TIMER0_CFG used once
TIMER0_CTL 4003000C

Symbol: TIMER0_CTL
   Definitions
      At line 14 in file Pulse.s
   Uses



ARM Macro Assembler    Page 3 Alphabetic symbol ordering
Absolute symbols

      At line 103 in file Pulse.s
      At line 139 in file Pulse.s

TIMER0_ICR 40030024

Symbol: TIMER0_ICR
   Definitions
      At line 17 in file Pulse.s
   Uses
      At line 48 in file Pulse.s
Comment: TIMER0_ICR used once
TIMER0_IMR 40030018

Symbol: TIMER0_IMR
   Definitions
      At line 15 in file Pulse.s
   Uses
      At line 118 in file Pulse.s
Comment: TIMER0_IMR used once
TIMER0_RIS 4003001C

Symbol: TIMER0_RIS
   Definitions
      At line 16 in file Pulse.s
   Uses
      None
Comment: TIMER0_RIS unused
TIMER0_TAILR 40030028

Symbol: TIMER0_TAILR
   Definitions
      At line 18 in file Pulse.s
   Uses
      At line 59 in file Pulse.s
      At line 112 in file Pulse.s

TIMER0_TAMR 40030004

Symbol: TIMER0_TAMR
   Definitions
      At line 13 in file Pulse.s
   Uses
      At line 109 in file Pulse.s
Comment: TIMER0_TAMR used once
TIMER0_TAPR 40030038

Symbol: TIMER0_TAPR
   Definitions
      At line 19 in file Pulse.s
   Uses
      At line 115 in file Pulse.s
Comment: TIMER0_TAPR used once
TIMER0_TAR 40030048

Symbol: TIMER0_TAR
   Definitions
      At line 20 in file Pulse.s
   Uses
      None



ARM Macro Assembler    Page 4 Alphabetic symbol ordering
Absolute symbols

Comment: TIMER0_TAR unused
22 symbols
361 symbols in table
