


ARM Macro Assembler    Page 1 


    1 00000000         ; Use of Timer interrupts to create square wave
    2 00000000         ; Signal on PortF Pins 1,2,3 (LEDs)
    3 00000000         ; Bill Eads 10-27-2018
    4 00000000         ;16/32 bit TIMER0 Timer Registers
    5 00000000 40030000 
                       TIMER0_CFG
                               EQU              0x40030000
    6 00000000 40030004 
                       TIMER0_TAMR
                               EQU              0x40030004
    7 00000000 4003000C 
                       TIMER0_CTL
                               EQU              0x4003000C
    8 00000000 40030018 
                       TIMER0_IMR
                               EQU              0x40030018
    9 00000000 4003001C 
                       TIMER0_RIS
                               EQU              0x4003001C
   10 00000000 40030024 
                       TIMER0_ICR
                               EQU              0x40030024
   11 00000000 40030028 
                       TIMER0_TAILR
                               EQU              0x40030028
   12 00000000 40030030 
                       TIMER0_TAMATCHR
                               EQU              0x40030030
   13 00000000 40030038 
                       TIMER0_TAPR
                               EQU              0x40030038
   14 00000000 40030040 
                       TIMER0_TAPMR
                               EQU              0x40030040
   15 00000000 400FE604 
                       SYSCTL_RCGCTIMER
                               EQU              0x400FE604  ; 16/32 Gate Contro
                                                            l
   16 00000000         ; Use built-in LED on Port F
   17 00000000 400253FC 
                       GPIO_PORTF_DATA_R
                               EQU              0x400253FC
   18 00000000 40025400 
                       GPIO_PORTF_DIR_R
                               EQU              0x40025400
   19 00000000 40025420 
                       GPIO_PORTF_AFSEL_R
                               EQU              0x40025420
   20 00000000 40025510 
                       GPIO_PORTF_PUR_R
                               EQU              0x40025510
   21 00000000 4002551C 
                       GPIO_PORTF_DEN_R
                               EQU              0x4002551C
   22 00000000 40025528 
                       GPIO_PORTF_AMSEL_R
                               EQU              0x40025528
   23 00000000 4002552C 
                       GPIO_PORTF_PCTL_R



ARM Macro Assembler    Page 2 


                               EQU              0x4002552C
   24 00000000 400FE608 
                       SYSCTL_RCGCGPIO_R
                               EQU              0x400FE608
   25 00000000 0000FFF0 
                       PCTLCNST
                               EQU              0x0000FFF0
   26 00000000         ;Nested Vector Interrupt Controller registers
   27 00000000 E000E100 
                       NVIC_EN0
                               EQU              0xE000E100  ; IRQ 0 to 31 Set E
                                                            nable Register
   28 00000000 E000E410 
                       NVIC_PRI4
                               EQU              0xE000E410  ; IRQ 16 to 19 Prio
                                                            rity Register
   29 00000000         
   30 00000000                 EXPORT           Timer0A_Handler
   31 00000000                 EXPORT           __main
   32 00000000         ;*******************************************************
                       ******** 
   33 00000000         ; Program Area
   34 00000000         ;*******************************************************
                       ********
   35 00000000         ;LABEL  DIRECTIVE VALUE   COMMENT 
   36 00000000                 AREA             |.text|, READONLY, CODE
   37 00000000         __main
   38 00000000 F000 F806       BL               Timer0A_Init ; Initialize Timer
                                                            0A for Interrupts
   39 00000004 F000 F846       BL               _Init_PortF ; Initialize PortF 
                                                            LEDs as outputs  
   40 00000008 B662            CPSIE            I           ; Enable Interrupts
                                                            
   41 0000000A         wait_int
   42 0000000A BF30            WFI                          ; Wait for next int
                                                            errupt
   43 0000000C         
   44 0000000C E7FD            B                wait_int    ; Continue forever 
                                                                              
   45 0000000E         
   46 0000000E E7FE    done    B                done        ; program finished
   47 00000010         
   48 00000010         Timer0A_Init                         ; Initialize Timer0
                                                            A for interrupt use
                                                            
   49 00000010 4934            LDR              R1,=SYSCTL_RCGCTIMER ;; Start T
                                                            imer clock
   50 00000012 680A            LDR              R2,[R1]
   51 00000014 F042 0201       ORR              R2,R2, #0x01 ; start timer 0   
                                                              
   52 00000018 600A            STR              R2,[R1]
   53 0000001A BF00            NOP
   54 0000001C BF00            NOP
   55 0000001E BF00            NOP                          ; allow clock to se
                                                            ttle
   56 00000020 4931            LDR              R1, =TIMER0_CTL ; disable timer
                                                             during setup
   57 00000022 680A            LDR              R2, [R1]
   58 00000024 F022 0201       BIC              R2, R2, #0x01 ; clear bit0 to d



ARM Macro Assembler    Page 3 


                                                            isable TimerA
   59 00000028 600A            STR              R2, [R1]
   60 0000002A 4930            LDR              R1, =TIMER0_CFG
   61 0000002C F04F 0204       MOV              R2, #0x04   ; 16 bit mode
   62 00000030 600A            STR              R2, [R1]
   63 00000032 492F            LDR              R1, =TIMER0_TAMR
   64 00000034 F04F 0202       MOV              R2, #0x02   ; periodic, count d
                                                            own
   65 00000038 600A            STR              R2, [R1]
   66 0000003A 492E            LDR              R1, =TIMER0_TAPR ; divide clock
                                                             by 250
   67 0000003C F04F 02F9       MOV              R2, #249    ; 62.5nsec*250=15.6
                                                            25usec period
   68 00000040 600A            STR              R2, [R1]
   69 00000042 492D            LDR              R1, =TIMER0_TAILR ; initialize 
                                                            match clock
   70 00000044 F44F 427A       MOV              R2, #64000  ; 15.625us*64,000=1
                                                            s interrupt
   71 00000048 600A            STR              R2, [R1]
   72 0000004A 492C            LDR              R1, =TIMER0_IMR
   73 0000004C F04F 0201       MOV              R2, #0x01   ; enable Time Out I
                                                            nterrupt 
   74 00000050 600A            STR              R2, [R1]
   75 00000052         ; Configure interrupt priorities  
   76 00000052         ; Timer0A is interrupt #19.
   77 00000052         ; Interrupts 16-19 are handled by NVIC register PRI4.
   78 00000052         ; Interrupt 19 is controlled by bits 31:29 of PRI4.
   79 00000052         
   80 00000052         ; set NVIC interrupt 19 to priority 2
   81 00000052 492B            LDR              R1, =NVIC_PRI4
   82 00000054 680A            LDR              R2, [R1]
   83 00000056 F022 427F       AND              R2, R2, #0x00FFFFFF ; clear int
                                                            errupt 19 priority
   84 0000005A F042 4280       ORR              R2, R2, #0x40000000 ; set inter
                                                            rupt 19 priority to
                                                             2
   85 0000005E 600A            STR              R2, [R1]
   86 00000060         
   87 00000060         ; NVIC has to be enabled
   88 00000060         ; Interrupts 0-31 are handled by NVIC register EN0
   89 00000060         ; Interrupt 19 is controlled by bit 19
   90 00000060         
   91 00000060         ; enable interrupt 19 in NVIC
   92 00000060 4928            LDR              R1, =NVIC_EN0
   93 00000062 F2C0 0208       MOVT             R2, #0x08   ; set bit 19 to ena
                                                            ble interrupt 19
   94 00000066 600A            STR              R2, [R1]
   95 00000068         ; Interrupt enable complete
   96 00000068 491F            LDR              R1, =TIMER0_CTL ; enable timer 
                                                            
   97 0000006A 680A            LDR              R2, [R1]
   98 0000006C F042 0203       ORR              R2, R2, #0x03 ; set bit0 to ena
                                                            ble
   99 00000070 600A            STR              R2, [R1]    ; and bit1 to stall
                                                             on debug
  100 00000072 4770            BX               LR          ; return from Timer
                                                             initialization
  101 00000074         
  102 00000074         Timer0A_Handler                      ;Timer 0A ISR



ARM Macro Assembler    Page 4 


  103 00000074 4924            LDR              R1, =TIMER0_ICR ; clear interru
                                                            pt flag
  104 00000076 F04F 0201       MOV              R2, #0x01
  105 0000007A 600A            STR              R2, [R1]
  106 0000007C         
  107 0000007C 4923            LDR              R1, =GPIO_PORTF_DATA_R 
                                                            ; Toggle PortF Data
                                                            
  108 0000007E 6808            LDR              R0,[R1]
  109 00000080 F080 000E       EOR              R0,R0,#0x0E
  110 00000084 6008            STR              R0, [R1]
  111 00000086         
  112 00000086 491C            LDR              R1, =TIMER0_TAILR ; initialize 
                                                            match clock
  113 00000088 680A            LDR              R2 , [R1]
  114 0000008A F482 4207       EOR              R2, R2, #0x8700
  115 0000008E 600A            STR              R2, [R1]
  116 00000090         
  117 00000090 4770            BX               LR          ; Return from ISR
  118 00000092 00 00           ALIGN
  119 00000094         ;------------_Init_PortF------------
  120 00000094         ; Make Port F 1-3 outputs, enable digital I/O, ensure al
                       t. functions off.
  121 00000094         ; Input: none  Output: none   Modifies: R0, R1
  122 00000094         _Init_PortF
  123 00000094 491E            LDR              R1, =SYSCTL_RCGCGPIO_R ; load R
                                                            1 with RCGCGPIO add
                                                            ress
  124 00000096 6808            LDR              R0, [R1]    ; load R0 with valu
                                                            e in RCGCGPIO
  125 00000098 F040 0020       ORR              R0, #0x20   ; set bit 5 to turn
                                                             on clock
  126 0000009C 6008            STR              R0, [R1]    ; store value in RC
                                                            GCGPIO
  127 0000009E BF00            NOP
  128 000000A0 BF00            NOP
  129 000000A2 BF00            NOP                          ; allow time for cl
                                                            ock to finish
  130 000000A4 491B            LDR              R1, =GPIO_PORTF_AMSEL_R ; load 
                                                            R1 with AMSEL addre
                                                            ss
  131 000000A6 6808            LDR              R0, [R1]    ; load R0 with valu
                                                            e in AMSEL
  132 000000A8 F020 000E       BIC              R0, #0x0E   ; clear bits PF1-3 
                                                            to disable analog
  133 000000AC 6008            STR              R0, [R1]    ; store value in AM
                                                            SEL
  134 000000AE 491A            LDR              R1, =GPIO_PORTF_PCTL_R ; load R
                                                            1 with PCTL address
                                                            
  135 000000B0 6808            LDR              R0, [R1]    ; load R0 with valu
                                                            e in PCTL
  136 000000B2 F64F 73F0       LDR              R3, =PCTLCNST ; load R3 with 0x
                                                            FFF0
  137 000000B6 EA20 0003       BIC              R0, R3      ; clear PF1-3 bits 
                                                            for regular functio
                                                            n
  138 000000BA 6008            STR              R0, [R1]    ; store in PCTL
  139 000000BC 4917            LDR              R1, =GPIO_PORTF_DIR_R ; load R1



ARM Macro Assembler    Page 5 


                                                             with DIR address
  140 000000BE 6808            LDR              R0, [R1]    ; load R0 value in 
                                                            DIR
  141 000000C0 F040 000E       ORR              R0,#0x0E    ; set bits PF1-3 fo
                                                            r output
  142 000000C4 6008            STR              R0, [R1]    ; store in DIR
  143 000000C6 4916            LDR              R1, =GPIO_PORTF_AFSEL_R ; load 
                                                            R1 with AFSEL addre
                                                            ss
  144 000000C8 6808            LDR              R0, [R1]    ; load R0 value in 
                                                            AFSEL
  145 000000CA F020 000E       BIC              R0, #0x0E   ; clear bits PF1-3 
                                                            for regular functio
                                                            n
  146 000000CE 6008            STR              R0, [R1]    ; store in AFSEL
  147 000000D0 4914            LDR              R1, =GPIO_PORTF_DEN_R ; load R1
                                                             with DEN address
  148 000000D2 6808            LDR              R0, [R1]    ; load R0 value in 
                                                            DEN
  149 000000D4 F040 000E       ORR              R0,#0x0E    ; set bits 1-3 to e
                                                            nable digital I/O
  150 000000D8 6008            STR              R0,[R1]     ; store in DEN
  151 000000DA 490C            LDR              R1,=GPIO_PORTF_DATA_R ; load R1
                                                             with PortF data ad
                                                            dress
  152 000000DC F04F 0000       MOV              R0,#0x00
  153 000000E0 6008            STR              R0,[R1]     ; Turn Off LEDs
  154 000000E2 4770            BX               LR          ; Return from init 
                                                            subroutine 
  155 000000E4                 ALIGN                        ; make sure the end
                                                             of this section is
                                                             aligned 
  156 000000E4                 END
              400FE604 
              4003000C 
              40030000 
              40030004 
              40030038 
              40030028 
              40030018 
              E000E410 
              E000E100 
              40030024 
              400253FC 
              400FE608 
              40025528 
              4002552C 
              40025400 
              40025420 
              4002551C 
Command Line: --debug --xref --diag_suppress=9931 --cpu=Cortex-M4.fp --apcs=int
erwork --depend=.\objects\q1subroutine.d -o.\objects\q1subroutine.o -I.\RTE\_q3
 -ID:\Keil_v5\ARM\PACK\Keil\TM4C_DFP\1.1.0\Device\Include\TM4C123 -ID:\Keil_v5\
ARM\CMSIS\Include --predefine="__EVAL SETA 1" --predefine="__UVISION_VERSION SE
TA 526" --predefine="TM4C123GH6PM SETA 1" --list=.\listings\q1subroutine.lst q1
subroutine.s



ARM Macro Assembler    Page 1 Alphabetic symbol ordering
Relocatable symbols

.text 00000000

Symbol: .text
   Definitions
      At line 36 in file q1subroutine.s
   Uses
      None
Comment: .text unused
Timer0A_Handler 00000074

Symbol: Timer0A_Handler
   Definitions
      At line 102 in file q1subroutine.s
   Uses
      At line 30 in file q1subroutine.s
Comment: Timer0A_Handler used once
Timer0A_Init 00000010

Symbol: Timer0A_Init
   Definitions
      At line 48 in file q1subroutine.s
   Uses
      At line 38 in file q1subroutine.s
Comment: Timer0A_Init used once
_Init_PortF 00000094

Symbol: _Init_PortF
   Definitions
      At line 122 in file q1subroutine.s
   Uses
      At line 39 in file q1subroutine.s
Comment: _Init_PortF used once
__main 00000000

Symbol: __main
   Definitions
      At line 37 in file q1subroutine.s
   Uses
      At line 31 in file q1subroutine.s
Comment: __main used once
done 0000000E

Symbol: done
   Definitions
      At line 46 in file q1subroutine.s
   Uses
      At line 46 in file q1subroutine.s
Comment: done used once
wait_int 0000000A

Symbol: wait_int
   Definitions
      At line 41 in file q1subroutine.s
   Uses
      At line 44 in file q1subroutine.s
Comment: wait_int used once
7 symbols



ARM Macro Assembler    Page 1 Alphabetic symbol ordering
Absolute symbols

GPIO_PORTF_AFSEL_R 40025420

Symbol: GPIO_PORTF_AFSEL_R
   Definitions
      At line 19 in file q1subroutine.s
   Uses
      At line 143 in file q1subroutine.s
Comment: GPIO_PORTF_AFSEL_R used once
GPIO_PORTF_AMSEL_R 40025528

Symbol: GPIO_PORTF_AMSEL_R
   Definitions
      At line 22 in file q1subroutine.s
   Uses
      At line 130 in file q1subroutine.s
Comment: GPIO_PORTF_AMSEL_R used once
GPIO_PORTF_DATA_R 400253FC

Symbol: GPIO_PORTF_DATA_R
   Definitions
      At line 17 in file q1subroutine.s
   Uses
      At line 107 in file q1subroutine.s
      At line 151 in file q1subroutine.s

GPIO_PORTF_DEN_R 4002551C

Symbol: GPIO_PORTF_DEN_R
   Definitions
      At line 21 in file q1subroutine.s
   Uses
      At line 147 in file q1subroutine.s
Comment: GPIO_PORTF_DEN_R used once
GPIO_PORTF_DIR_R 40025400

Symbol: GPIO_PORTF_DIR_R
   Definitions
      At line 18 in file q1subroutine.s
   Uses
      At line 139 in file q1subroutine.s
Comment: GPIO_PORTF_DIR_R used once
GPIO_PORTF_PCTL_R 4002552C

Symbol: GPIO_PORTF_PCTL_R
   Definitions
      At line 23 in file q1subroutine.s
   Uses
      At line 134 in file q1subroutine.s
Comment: GPIO_PORTF_PCTL_R used once
GPIO_PORTF_PUR_R 40025510

Symbol: GPIO_PORTF_PUR_R
   Definitions
      At line 20 in file q1subroutine.s
   Uses
      None
Comment: GPIO_PORTF_PUR_R unused
NVIC_EN0 E000E100




ARM Macro Assembler    Page 2 Alphabetic symbol ordering
Absolute symbols

Symbol: NVIC_EN0
   Definitions
      At line 27 in file q1subroutine.s
   Uses
      At line 92 in file q1subroutine.s
Comment: NVIC_EN0 used once
NVIC_PRI4 E000E410

Symbol: NVIC_PRI4
   Definitions
      At line 28 in file q1subroutine.s
   Uses
      At line 81 in file q1subroutine.s
Comment: NVIC_PRI4 used once
PCTLCNST 0000FFF0

Symbol: PCTLCNST
   Definitions
      At line 25 in file q1subroutine.s
   Uses
      At line 136 in file q1subroutine.s
Comment: PCTLCNST used once
SYSCTL_RCGCGPIO_R 400FE608

Symbol: SYSCTL_RCGCGPIO_R
   Definitions
      At line 24 in file q1subroutine.s
   Uses
      At line 123 in file q1subroutine.s
Comment: SYSCTL_RCGCGPIO_R used once
SYSCTL_RCGCTIMER 400FE604

Symbol: SYSCTL_RCGCTIMER
   Definitions
      At line 15 in file q1subroutine.s
   Uses
      At line 49 in file q1subroutine.s
Comment: SYSCTL_RCGCTIMER used once
TIMER0_CFG 40030000

Symbol: TIMER0_CFG
   Definitions
      At line 5 in file q1subroutine.s
   Uses
      At line 60 in file q1subroutine.s
Comment: TIMER0_CFG used once
TIMER0_CTL 4003000C

Symbol: TIMER0_CTL
   Definitions
      At line 7 in file q1subroutine.s
   Uses
      At line 56 in file q1subroutine.s
      At line 96 in file q1subroutine.s

TIMER0_ICR 40030024

Symbol: TIMER0_ICR
   Definitions



ARM Macro Assembler    Page 3 Alphabetic symbol ordering
Absolute symbols

      At line 10 in file q1subroutine.s
   Uses
      At line 103 in file q1subroutine.s
Comment: TIMER0_ICR used once
TIMER0_IMR 40030018

Symbol: TIMER0_IMR
   Definitions
      At line 8 in file q1subroutine.s
   Uses
      At line 72 in file q1subroutine.s
Comment: TIMER0_IMR used once
TIMER0_RIS 4003001C

Symbol: TIMER0_RIS
   Definitions
      At line 9 in file q1subroutine.s
   Uses
      None
Comment: TIMER0_RIS unused
TIMER0_TAILR 40030028

Symbol: TIMER0_TAILR
   Definitions
      At line 11 in file q1subroutine.s
   Uses
      At line 69 in file q1subroutine.s
      At line 112 in file q1subroutine.s

TIMER0_TAMATCHR 40030030

Symbol: TIMER0_TAMATCHR
   Definitions
      At line 12 in file q1subroutine.s
   Uses
      None
Comment: TIMER0_TAMATCHR unused
TIMER0_TAMR 40030004

Symbol: TIMER0_TAMR
   Definitions
      At line 6 in file q1subroutine.s
   Uses
      At line 63 in file q1subroutine.s
Comment: TIMER0_TAMR used once
TIMER0_TAPMR 40030040

Symbol: TIMER0_TAPMR
   Definitions
      At line 14 in file q1subroutine.s
   Uses
      None
Comment: TIMER0_TAPMR unused
TIMER0_TAPR 40030038

Symbol: TIMER0_TAPR
   Definitions
      At line 13 in file q1subroutine.s
   Uses



ARM Macro Assembler    Page 4 Alphabetic symbol ordering
Absolute symbols

      At line 66 in file q1subroutine.s
Comment: TIMER0_TAPR used once
22 symbols
365 symbols in table
