


ARM Macro Assembler    Page 1 


    1 00000000         ;*******************************************************
                       ********
    2 00000000         ; Program PracticeLab.s
    3 00000000         ; Clear memory locations 0x2000.0400 - 0x2000.041F,
    4 00000000         ; then load these locations with consecutive numbers sta
                       rting
    5 00000000         ; with 00.
    6 00000000         ; 'CONST' is the number of locations operated on.
    7 00000000         ; 'FIRST' is the address of first memory address.
    8 00000000         ;*******************************************************
                       ********
    9 00000000         
   10 00000000         ;*******************************************************
                       ********
   11 00000000         ; EQU Directives
   12 00000000         ; These directives do not allocate memory
   13 00000000         ;*******************************x***********************
                       *********
   14 00000000         ;SYMBOL  DIRECTIVE VALUE   COMMENT
   15 00000000         
   16 00000000         ;*******************************************************
                       ********
   17 00000000         ; Program section
   18 00000000         ; (Data transfer) The length of the data array is in mem
                       ory
   19 00000000         ; location 0x20000000, the data originally starts in mem
                       ory
   20 00000000         ; location 0x20004000 (Source Address), and the destinat
                       ion area
   21 00000000         ; for the data starts in memory location 0x20008000 (Des
                       tination
   22 00000000         ; Address). Write a program to transfer the data.
   23 00000000         ;*******************************************************
                       ********
   24 00000000         ;LABEL  DIRECTIVE VALUE   COMMENT
   25 00000000                 AREA             main, READONLY, CODE
   26 00000000                 THUMB
   27 00000000                 EXPORT           __main
   28 00000000         
   29 00000000         
   30 00000000         __main
   31 00000000         ;MRS R0, BASEPRI
   32 00000000         ;MOV R1, #2_10100000
   33 00000000         ;ORR R0, R1, R0
   34 00000000         ; MSR BASEPRI, R0
   35 00000000         ; CPSIE I
   36 00000000 F04F 0001       LDR              R0, = 0x00000001
   37 00000004 EA4F 70F0       ROR              R0, R0, #31
   38 00000008 E7FE    done    B                done
   39 0000000A         
   40 0000000A         ;*******************************************************
                       ********
   41 0000000A         ; End of the program section
   42 0000000A         ;*******************************************************
                       ********
   43 0000000A         ;LABEL  DIRECTIVE VALUE   COMMENT
   44 0000000A                 END
Command Line: --debug --xref --diag_suppress=9931 --cpu=Cortex-M4.fp --apcs=int
erwork --depend=.\objects\code.d -o.\objects\code.o -I.\RTE\_Target_1 -ID:\Keil



ARM Macro Assembler    Page 2 


_v5\ARM\PACK\Keil\TM4C_DFP\1.1.0\Device\Include\TM4C123 -ID:\Keil_v5\ARM\CMSIS\
Include --predefine="__EVAL SETA 1" --predefine="__UVISION_VERSION SETA 526" --
predefine="TM4C123GH6PM SETA 1" --list=.\listings\code.lst code.s



ARM Macro Assembler    Page 1 Alphabetic symbol ordering
Relocatable symbols

__main 00000000

Symbol: __main
   Definitions
      At line 30 in file code.s
   Uses
      At line 27 in file code.s
Comment: __main used once
done 00000008

Symbol: done
   Definitions
      At line 38 in file code.s
   Uses
      At line 38 in file code.s
Comment: done used once
main 00000000

Symbol: main
   Definitions
      At line 25 in file code.s
   Uses
      None
Comment: main unused
3 symbols
337 symbols in table
